[1.364s] Invoking command in '/home/omerb/garp4_ws/src/garp_tools': DEBUGINFOD_URLS=https://debuginfod.ubuntu.com PS1=\[\e]0;\u@\h: \w\a\]${debian_chroot:+($debian_chroot)}\[\033[01;32m\]\u@\h\[\033[00m\]:\[\033[01;34m\]\w\[\033[00m\]\$ PYTHONPATH=/home/omerb/garp4_ws/build/garp_tools/prefix_override:/usr/lib/python3/dist-packages/colcon_core/task/python/colcon_distutils_commands:/home/omerb/garp4_ws/install/garp_tools/lib/python3.12/site-packages:${PYTHONPATH} VIRTUAL_ENV_PROMPT=(venv-ardupilot) /usr/bin/python3 -W ignore:setup.py install is deprecated -W ignore:easy_install command is deprecated setup.py egg_info --egg-base ../../build/garp_tools build --build-base /home/omerb/garp4_ws/build/garp_tools/build install --record /home/omerb/garp4_ws/build/garp_tools/install.log --single-version-externally-managed install_data
[1.827s] running egg_info
[1.827s] creating ../../build/garp_tools/garp_tools.egg-info
[1.864s] writing ../../build/garp_tools/garp_tools.egg-info/PKG-INFO
[1.864s] writing dependency_links to ../../build/garp_tools/garp_tools.egg-info/dependency_links.txt
[1.865s] writing entry points to ../../build/garp_tools/garp_tools.egg-info/entry_points.txt
[1.865s] writing requirements to ../../build/garp_tools/garp_tools.egg-info/requires.txt
[1.865s] writing top-level names to ../../build/garp_tools/garp_tools.egg-info/top_level.txt
[1.865s] writing manifest file '../../build/garp_tools/garp_tools.egg-info/SOURCES.txt'
[1.933s] reading manifest file '../../build/garp_tools/garp_tools.egg-info/SOURCES.txt'
[1.934s] writing manifest file '../../build/garp_tools/garp_tools.egg-info/SOURCES.txt'
[1.934s] running build
[1.935s] running build_py
[1.935s] creating /home/omerb/garp4_ws/build/garp_tools/build
[1.935s] creating /home/omerb/garp4_ws/build/garp_tools/build/lib
[1.935s] creating /home/omerb/garp4_ws/build/garp_tools/build/lib/garp_tools
[1.935s] copying garp_tools/__init__.py -> /home/omerb/garp4_ws/build/garp_tools/build/lib/garp_tools
[1.936s] copying garp_tools/teleop_keyboard.py -> /home/omerb/garp4_ws/build/garp_tools/build/lib/garp_tools
[1.936s] running install
[1.948s] running install_lib
[1.977s] creating /home/omerb/garp4_ws/install/garp_tools/lib/python3.12/site-packages/garp_tools
[1.977s] copying /home/omerb/garp4_ws/build/garp_tools/build/lib/garp_tools/__init__.py -> /home/omerb/garp4_ws/install/garp_tools/lib/python3.12/site-packages/garp_tools
[1.977s] copying /home/omerb/garp4_ws/build/garp_tools/build/lib/garp_tools/teleop_keyboard.py -> /home/omerb/garp4_ws/install/garp_tools/lib/python3.12/site-packages/garp_tools
[1.978s] byte-compiling /home/omerb/garp4_ws/install/garp_tools/lib/python3.12/site-packages/garp_tools/__init__.py to __init__.cpython-312.pyc
[1.978s] byte-compiling /home/omerb/garp4_ws/install/garp_tools/lib/python3.12/site-packages/garp_tools/teleop_keyboard.py to teleop_keyboard.cpython-312.pyc
[1.980s] running install_data
[1.980s] creating /home/omerb/garp4_ws/install/garp_tools/share/ament_index
[1.981s] creating /home/omerb/garp4_ws/install/garp_tools/share/ament_index/resource_index
[1.981s] creating /home/omerb/garp4_ws/install/garp_tools/share/ament_index/resource_index/packages
[1.981s] copying resource/garp_tools -> /home/omerb/garp4_ws/install/garp_tools/share/ament_index/resource_index/packages
[1.981s] copying package.xml -> /home/omerb/garp4_ws/install/garp_tools/share/garp_tools
[1.982s] running install_egg_info
[2.015s] Copying ../../build/garp_tools/garp_tools.egg-info to /home/omerb/garp4_ws/install/garp_tools/lib/python3.12/site-packages/garp_tools-0.0.0-py3.12.egg-info
[2.016s] running install_scripts
[2.252s] Installing teleop_keyboard script to /home/omerb/garp4_ws/install/garp_tools/lib/garp_tools
[2.252s] writing list of installed files to '/home/omerb/garp4_ws/build/garp_tools/install.log'
[2.307s] Invoked command in '/home/omerb/garp4_ws/src/garp_tools' returned '0': DEBUGINFOD_URLS=https://debuginfod.ubuntu.com PS1=\[\e]0;\u@\h: \w\a\]${debian_chroot:+($debian_chroot)}\[\033[01;32m\]\u@\h\[\033[00m\]:\[\033[01;34m\]\w\[\033[00m\]\$ PYTHONPATH=/home/omerb/garp4_ws/build/garp_tools/prefix_override:/usr/lib/python3/dist-packages/colcon_core/task/python/colcon_distutils_commands:/home/omerb/garp4_ws/install/garp_tools/lib/python3.12/site-packages:${PYTHONPATH} VIRTUAL_ENV_PROMPT=(venv-ardupilot) /usr/bin/python3 -W ignore:setup.py install is deprecated -W ignore:easy_install command is deprecated setup.py egg_info --egg-base ../../build/garp_tools build --build-base /home/omerb/garp4_ws/build/garp_tools/build install --record /home/omerb/garp4_ws/build/garp_tools/install.log --single-version-externally-managed install_data
