-- Found ament_cmake: 2.5.4 (/opt/ros/jazzy/share/ament_cmake/cmake)
-- Override CMake install command with custom implementation using symlinks instead of copying resources
-- Found ament_lint_auto: 0.17.3 (/opt/ros/jazzy/share/ament_lint_auto/cmake)
-- Added test 'flake8' to check Python code syntax and style conventions
-- Configured 'flake8' exclude dirs and/or files: 
-- Added test 'lint_cmake' to check CMake code style
-- Added test 'pep257' to check Python code against some of the docstring style conventions in PEP 257
-- Added test 'xmllint' to check XML markup files
-- Configuring done (0.4s)
-- Generating done (0.0s)
-- Build files have been written to: /home/omerb/garp9_ws/build/garp_description
-- Install configuration: ""
-- Execute custom install script
-- Symlinking: /home/omerb/garp9_ws/install/garp_description/share/garp_description/launch/display.launch.py
-- Symlinking: /home/omerb/garp9_ws/install/garp_description/share/garp_description/urdf/main.urdf.xacro
-- Symlinking: /home/omerb/garp9_ws/install/garp_description/share/garp_description/urdf/sensor_extensions.urdf.xacro
-- Symlinking: /home/omerb/garp9_ws/install/garp_description/share/garp_description/urdf/wheels.urdf.xacro
-- Symlinking: /home/omerb/garp9_ws/install/garp_description/share/garp_description/config/g_plugins.urdf.xacro
-- Symlinking: /home/omerb/garp9_ws/install/garp_description/share/garp_description/config/gz_bridge.yaml
-- Symlinking: /home/omerb/garp9_ws/install/garp_description/share/garp_description/config/teleop_keyboard.py
-- Symlinking: /home/omerb/garp9_ws/install/garp_description/share/ament_index/resource_index/package_run_dependencies/garp_description
-- Symlinking: /home/omerb/garp9_ws/install/garp_description/share/ament_index/resource_index/parent_prefix_path/garp_description
-- Symlinking: /home/omerb/garp9_ws/install/garp_description/share/garp_description/environment/ament_prefix_path.sh
-- Symlinking: /home/omerb/garp9_ws/install/garp_description/share/garp_description/environment/ament_prefix_path.dsv
-- Symlinking: /home/omerb/garp9_ws/install/garp_description/share/garp_description/environment/path.sh
-- Symlinking: /home/omerb/garp9_ws/install/garp_description/share/garp_description/environment/path.dsv
-- Symlinking: /home/omerb/garp9_ws/install/garp_description/share/garp_description/local_setup.bash
-- Symlinking: /home/omerb/garp9_ws/install/garp_description/share/garp_description/local_setup.sh
-- Symlinking: /home/omerb/garp9_ws/install/garp_description/share/garp_description/local_setup.zsh
-- Symlinking: /home/omerb/garp9_ws/install/garp_description/share/garp_description/local_setup.dsv
-- Symlinking: /home/omerb/garp9_ws/install/garp_description/share/garp_description/package.dsv
-- Symlinking: /home/omerb/garp9_ws/install/garp_description/share/ament_index/resource_index/packages/garp_description
-- Symlinking: /home/omerb/garp9_ws/install/garp_description/share/garp_description/cmake/garp_descriptionConfig.cmake
-- Symlinking: /home/omerb/garp9_ws/install/garp_description/share/garp_description/cmake/garp_descriptionConfig-version.cmake
-- Symlinking: /home/omerb/garp9_ws/install/garp_description/share/garp_description/package.xml
