-- Found ament_cmake: 2.5.4 (/opt/ros/jazzy/share/ament_cmake/cmake)
-- Override CMake install command with custom implementation using symlinks instead of copying resources
-- Found ament_lint_auto: 0.17.3 (/opt/ros/jazzy/share/ament_lint_auto/cmake)
-- Added test 'flake8' to check Python code syntax and style conventions
-- Configured 'flake8' exclude dirs and/or files: 
-- Added test 'lint_cmake' to check CMake code style
-- Added test 'pep257' to check Python code against some of the docstring style conventions in PEP 257
-- Added test 'xmllint' to check XML markup files
-- Configuring done (0.4s)
-- Generating done (0.0s)
-- Build files have been written to: /home/omerb/garp9_ws/build/garp_simulate
-- Install configuration: ""
-- Execute custom install script
-- Symlinking: /home/omerb/garp9_ws/install/garp_simulate/share/garp_simulate//launch/my_world.launch.py
-- Symlinking: /home/omerb/garp9_ws/install/garp_simulate/share/garp_simulate//launch/slam.launch.py
-- Symlinking: /home/omerb/garp9_ws/install/garp_simulate/share/garp_simulate//config/base.rviz
-- Symlinking: /home/omerb/garp9_ws/install/garp_simulate/share/garp_simulate//config/gz_bridge.yaml
-- Symlinking: /home/omerb/garp9_ws/install/garp_simulate/share/garp_simulate//config/mapping.rviz
-- Symlinking: /home/omerb/garp9_ws/install/garp_simulate/share/garp_simulate//config/stb_localization.yaml
-- Symlinking: /home/omerb/garp9_ws/install/garp_simulate/share/garp_simulate//config/stb_mapping.yaml
-- Symlinking: /home/omerb/garp9_ws/install/garp_simulate/share/garp_simulate//worlds/in_my_house.sdf
-- Symlinking: /home/omerb/garp9_ws/install/garp_simulate/share/garp_simulate//worlds/my_world.sdf
-- Symlinking: /home/omerb/garp9_ws/install/garp_simulate/share/garp_simulate//models/my_house/model.config
-- Symlinking: /home/omerb/garp9_ws/install/garp_simulate/share/garp_simulate//models/my_house/model.sdf
-- Symlinking: /home/omerb/garp9_ws/install/garp_simulate/share/garp_simulate//models/my_model/model.config
-- Symlinking: /home/omerb/garp9_ws/install/garp_simulate/share/garp_simulate//models/my_model/model.sdf
-- Symlinking: /home/omerb/garp9_ws/install/garp_simulate/share/ament_index/resource_index/package_run_dependencies/garp_simulate
-- Symlinking: /home/omerb/garp9_ws/install/garp_simulate/share/ament_index/resource_index/parent_prefix_path/garp_simulate
-- Symlinking: /home/omerb/garp9_ws/install/garp_simulate/share/garp_simulate/environment/ament_prefix_path.sh
-- Symlinking: /home/omerb/garp9_ws/install/garp_simulate/share/garp_simulate/environment/ament_prefix_path.dsv
-- Symlinking: /home/omerb/garp9_ws/install/garp_simulate/share/garp_simulate/environment/path.sh
-- Symlinking: /home/omerb/garp9_ws/install/garp_simulate/share/garp_simulate/environment/path.dsv
-- Symlinking: /home/omerb/garp9_ws/install/garp_simulate/share/garp_simulate/local_setup.bash
-- Symlinking: /home/omerb/garp9_ws/install/garp_simulate/share/garp_simulate/local_setup.sh
-- Symlinking: /home/omerb/garp9_ws/install/garp_simulate/share/garp_simulate/local_setup.zsh
-- Symlinking: /home/omerb/garp9_ws/install/garp_simulate/share/garp_simulate/local_setup.dsv
-- Symlinking: /home/omerb/garp9_ws/install/garp_simulate/share/garp_simulate/package.dsv
-- Symlinking: /home/omerb/garp9_ws/install/garp_simulate/share/ament_index/resource_index/packages/garp_simulate
-- Symlinking: /home/omerb/garp9_ws/install/garp_simulate/share/garp_simulate/cmake/garp_simulateConfig.cmake
-- Symlinking: /home/omerb/garp9_ws/install/garp_simulate/share/garp_simulate/cmake/garp_simulateConfig-version.cmake
-- Symlinking: /home/omerb/garp9_ws/install/garp_simulate/share/garp_simulate/package.xml
