[0.015s] Invoking command in '/home/omerb/garp9_ws/build/garp_description': CMAKE_PREFIX_PATH=${CMAKE_PREFIX_PATH}:/home/omerb/garp7_ws/install/garp_tools:/opt/ros/jazzy DEBUGINFOD_URLS=https://debuginfod.ubuntu.com PS1=\[\e]0;\u@\h: \w\a\]${debian_chroot:+($debian_chroot)}\[\033[01;32m\]\u@\h\[\033[00m\]:\[\033[01;34m\]\w\[\033[00m\]\$ VIRTUAL_ENV_PROMPT=(venv-ardupilot) /usr/bin/cmake /home/omerb/garp9_ws/src/garp_description -DCMAKE_INSTALL_PREFIX=/home/omerb/garp9_ws/install/garp_description
[0.088s] -- The C compiler identification is GNU 13.3.0
[0.156s] -- The CXX compiler identification is GNU 13.3.0
[0.180s] -- Detecting C compiler ABI info
[0.273s] -- Detecting C compiler ABI info - done
[0.282s] -- Check for working C compiler: /usr/lib/ccache/cc - skipped
[0.282s] -- Detecting C compile features
[0.282s] -- Detecting C compile features - done
[0.296s] -- Detecting CXX compiler ABI info
[0.400s] -- Detecting CXX compiler ABI info - done
[0.412s] -- Check for working CXX compiler: /usr/lib/ccache/c++ - skipped
[0.413s] -- Detecting CXX compile features
[0.413s] -- Detecting CXX compile features - done
[0.418s] -- Found ament_cmake: 2.5.4 (/opt/ros/jazzy/share/ament_cmake/cmake)
[0.574s] -- Found Python3: /home/omerb/venv-ardupilot/bin/python3 (found version "3.12.3") found components: Interpreter 
[0.695s] -- Found ament_lint_auto: 0.17.3 (/opt/ros/jazzy/share/ament_lint_auto/cmake)
[0.839s] -- Added test 'flake8' to check Python code syntax and style conventions
[0.839s] -- Configured 'flake8' exclude dirs and/or files: 
[0.839s] -- Added test 'lint_cmake' to check CMake code style
[0.840s] -- Added test 'pep257' to check Python code against some of the docstring style conventions in PEP 257
[0.841s] -- Added test 'xmllint' to check XML markup files
[0.843s] -- Configuring done (0.8s)
[0.845s] -- Generating done (0.0s)
[0.847s] -- Build files have been written to: /home/omerb/garp9_ws/build/garp_description
[0.853s] Invoked command in '/home/omerb/garp9_ws/build/garp_description' returned '0': CMAKE_PREFIX_PATH=${CMAKE_PREFIX_PATH}:/home/omerb/garp7_ws/install/garp_tools:/opt/ros/jazzy DEBUGINFOD_URLS=https://debuginfod.ubuntu.com PS1=\[\e]0;\u@\h: \w\a\]${debian_chroot:+($debian_chroot)}\[\033[01;32m\]\u@\h\[\033[00m\]:\[\033[01;34m\]\w\[\033[00m\]\$ VIRTUAL_ENV_PROMPT=(venv-ardupilot) /usr/bin/cmake /home/omerb/garp9_ws/src/garp_description -DCMAKE_INSTALL_PREFIX=/home/omerb/garp9_ws/install/garp_description
[0.854s] Invoking command in '/home/omerb/garp9_ws/build/garp_description': CMAKE_PREFIX_PATH=${CMAKE_PREFIX_PATH}:/home/omerb/garp7_ws/install/garp_tools:/opt/ros/jazzy DEBUGINFOD_URLS=https://debuginfod.ubuntu.com PS1=\[\e]0;\u@\h: \w\a\]${debian_chroot:+($debian_chroot)}\[\033[01;32m\]\u@\h\[\033[00m\]:\[\033[01;34m\]\w\[\033[00m\]\$ VIRTUAL_ENV_PROMPT=(venv-ardupilot) /usr/bin/cmake --build /home/omerb/garp9_ws/build/garp_description -- -j16 -l16
[0.900s] Invoked command in '/home/omerb/garp9_ws/build/garp_description' returned '0': CMAKE_PREFIX_PATH=${CMAKE_PREFIX_PATH}:/home/omerb/garp7_ws/install/garp_tools:/opt/ros/jazzy DEBUGINFOD_URLS=https://debuginfod.ubuntu.com PS1=\[\e]0;\u@\h: \w\a\]${debian_chroot:+($debian_chroot)}\[\033[01;32m\]\u@\h\[\033[00m\]:\[\033[01;34m\]\w\[\033[00m\]\$ VIRTUAL_ENV_PROMPT=(venv-ardupilot) /usr/bin/cmake --build /home/omerb/garp9_ws/build/garp_description -- -j16 -l16
[0.915s] Invoking command in '/home/omerb/garp9_ws/build/garp_description': CMAKE_PREFIX_PATH=${CMAKE_PREFIX_PATH}:/home/omerb/garp7_ws/install/garp_tools:/opt/ros/jazzy DEBUGINFOD_URLS=https://debuginfod.ubuntu.com PS1=\[\e]0;\u@\h: \w\a\]${debian_chroot:+($debian_chroot)}\[\033[01;32m\]\u@\h\[\033[00m\]:\[\033[01;34m\]\w\[\033[00m\]\$ VIRTUAL_ENV_PROMPT=(venv-ardupilot) /usr/bin/cmake --install /home/omerb/garp9_ws/build/garp_description
[0.929s] -- Install configuration: ""
[0.929s] -- Installing: /home/omerb/garp9_ws/install/garp_description/share/garp_description/launch
[0.930s] -- Installing: /home/omerb/garp9_ws/install/garp_description/share/garp_description/launch/display.launch.py
[0.930s] -- Installing: /home/omerb/garp9_ws/install/garp_description/share/garp_description/urdf
[0.930s] -- Installing: /home/omerb/garp9_ws/install/garp_description/share/garp_description/urdf/main.urdf.xacro
[0.930s] -- Installing: /home/omerb/garp9_ws/install/garp_description/share/garp_description/urdf/sensor_extensions.urdf.xacro
[0.930s] -- Installing: /home/omerb/garp9_ws/install/garp_description/share/garp_description/urdf/wheels.urdf.xacro
[0.931s] -- Installing: /home/omerb/garp9_ws/install/garp_description/share/garp_description/config
[0.931s] -- Installing: /home/omerb/garp9_ws/install/garp_description/share/garp_description/config/gz_bridge.yaml
[0.931s] -- Installing: /home/omerb/garp9_ws/install/garp_description/share/garp_description/config/teleop_keyboard.py
[0.931s] -- Installing: /home/omerb/garp9_ws/install/garp_description/share/garp_description/config/g_plugins.urdf.xacro
[0.931s] -- Installing: /home/omerb/garp9_ws/install/garp_description/share/ament_index/resource_index/package_run_dependencies/garp_description
[0.931s] -- Installing: /home/omerb/garp9_ws/install/garp_description/share/ament_index/resource_index/parent_prefix_path/garp_description
[0.931s] -- Installing: /home/omerb/garp9_ws/install/garp_description/share/garp_description/environment/ament_prefix_path.sh
[0.932s] -- Installing: /home/omerb/garp9_ws/install/garp_description/share/garp_description/environment/ament_prefix_path.dsv
[0.932s] -- Installing: /home/omerb/garp9_ws/install/garp_description/share/garp_description/environment/path.sh
[0.932s] -- Installing: /home/omerb/garp9_ws/install/garp_description/share/garp_description/environment/path.dsv
[0.932s] -- Installing: /home/omerb/garp9_ws/install/garp_description/share/garp_description/local_setup.bash
[0.932s] -- Installing: /home/omerb/garp9_ws/install/garp_description/share/garp_description/local_setup.sh
[0.932s] -- Installing: /home/omerb/garp9_ws/install/garp_description/share/garp_description/local_setup.zsh
[0.932s] -- Installing: /home/omerb/garp9_ws/install/garp_description/share/garp_description/local_setup.dsv
[0.932s] -- Installing: /home/omerb/garp9_ws/install/garp_description/share/garp_description/package.dsv
[0.932s] -- Installing: /home/omerb/garp9_ws/install/garp_description/share/ament_index/resource_index/packages/garp_description
[0.932s] -- Installing: /home/omerb/garp9_ws/install/garp_description/share/garp_description/cmake/garp_descriptionConfig.cmake
[0.932s] -- Installing: /home/omerb/garp9_ws/install/garp_description/share/garp_description/cmake/garp_descriptionConfig-version.cmake
[0.932s] -- Installing: /home/omerb/garp9_ws/install/garp_description/share/garp_description/package.xml
[0.947s] Invoked command in '/home/omerb/garp9_ws/build/garp_description' returned '0': CMAKE_PREFIX_PATH=${CMAKE_PREFIX_PATH}:/home/omerb/garp7_ws/install/garp_tools:/opt/ros/jazzy DEBUGINFOD_URLS=https://debuginfod.ubuntu.com PS1=\[\e]0;\u@\h: \w\a\]${debian_chroot:+($debian_chroot)}\[\033[01;32m\]\u@\h\[\033[00m\]:\[\033[01;34m\]\w\[\033[00m\]\$ VIRTUAL_ENV_PROMPT=(venv-ardupilot) /usr/bin/cmake --install /home/omerb/garp9_ws/build/garp_description
