[0.426s] Invoking command in '/home/omerb/garp6_ws/src/garp_tools': DEBUGINFOD_URLS=https://debuginfod.ubuntu.com PS1=\[\e]0;\u@\h: \w\a\]${debian_chroot:+($debian_chroot)}\[\033[01;32m\]\u@\h\[\033[00m\]:\[\033[01;34m\]\w\[\033[00m\]\$ PYTHONPATH=/home/omerb/garp6_ws/build/garp_tools/prefix_override:/usr/lib/python3/dist-packages/colcon_core/task/python/colcon_distutils_commands:/home/omerb/garp6_ws/install/garp_tools/lib/python3.12/site-packages:${PYTHONPATH} VIRTUAL_ENV_PROMPT=(venv-ardupilot) /usr/bin/python3 -W ignore:setup.py install is deprecated -W ignore:easy_install command is deprecated setup.py egg_info --egg-base ../../build/garp_tools build --build-base /home/omerb/garp6_ws/build/garp_tools/build install --record /home/omerb/garp6_ws/build/garp_tools/install.log --single-version-externally-managed install_data
[0.565s] running egg_info
[0.574s] writing ../../build/garp_tools/garp_tools.egg-info/PKG-INFO
[0.575s] writing dependency_links to ../../build/garp_tools/garp_tools.egg-info/dependency_links.txt
[0.575s] writing entry points to ../../build/garp_tools/garp_tools.egg-info/entry_points.txt
[0.575s] writing requirements to ../../build/garp_tools/garp_tools.egg-info/requires.txt
[0.575s] writing top-level names to ../../build/garp_tools/garp_tools.egg-info/top_level.txt
[0.593s] reading manifest file '../../build/garp_tools/garp_tools.egg-info/SOURCES.txt'
[0.593s] writing manifest file '../../build/garp_tools/garp_tools.egg-info/SOURCES.txt'
[0.593s] running build
[0.593s] running build_py
[0.593s] copying garp_tools/odom_to_tf.py -> /home/omerb/garp6_ws/build/garp_tools/build/lib/garp_tools
[0.593s] running install
[0.597s] running install_lib
[0.606s] copying /home/omerb/garp6_ws/build/garp_tools/build/lib/garp_tools/odom_to_tf.py -> /home/omerb/garp6_ws/install/garp_tools/lib/python3.12/site-packages/garp_tools
[0.606s] byte-compiling /home/omerb/garp6_ws/install/garp_tools/lib/python3.12/site-packages/garp_tools/odom_to_tf.py to odom_to_tf.cpython-312.pyc
[0.607s] running install_data
[0.607s] running install_egg_info
[0.618s] removing '/home/omerb/garp6_ws/install/garp_tools/lib/python3.12/site-packages/garp_tools-0.0.0-py3.12.egg-info' (and everything under it)
[0.618s] Copying ../../build/garp_tools/garp_tools.egg-info to /home/omerb/garp6_ws/install/garp_tools/lib/python3.12/site-packages/garp_tools-0.0.0-py3.12.egg-info
[0.618s] running install_scripts
[0.680s] Installing odom_to_tf script to /home/omerb/garp6_ws/install/garp_tools/lib/garp_tools
[0.680s] Installing teleop_keyboard script to /home/omerb/garp6_ws/install/garp_tools/lib/garp_tools
[0.680s] writing list of installed files to '/home/omerb/garp6_ws/build/garp_tools/install.log'
[0.693s] Invoked command in '/home/omerb/garp6_ws/src/garp_tools' returned '0': DEBUGINFOD_URLS=https://debuginfod.ubuntu.com PS1=\[\e]0;\u@\h: \w\a\]${debian_chroot:+($debian_chroot)}\[\033[01;32m\]\u@\h\[\033[00m\]:\[\033[01;34m\]\w\[\033[00m\]\$ PYTHONPATH=/home/omerb/garp6_ws/build/garp_tools/prefix_override:/usr/lib/python3/dist-packages/colcon_core/task/python/colcon_distutils_commands:/home/omerb/garp6_ws/install/garp_tools/lib/python3.12/site-packages:${PYTHONPATH} VIRTUAL_ENV_PROMPT=(venv-ardupilot) /usr/bin/python3 -W ignore:setup.py install is deprecated -W ignore:easy_install command is deprecated setup.py egg_info --egg-base ../../build/garp_tools build --build-base /home/omerb/garp6_ws/build/garp_tools/build install --record /home/omerb/garp6_ws/build/garp_tools/install.log --single-version-externally-managed install_data
