-- Install configuration: ""
-- Up-to-date: /home/omerb/garp1_ws/install/garp_description/share/garp_description/launch
-- Up-to-date: /home/omerb/garp1_ws/install/garp_description/share/garp_description/launch/display.launch.py
-- Up-to-date: /home/omerb/garp1_ws/install/garp_description/share/garp_description/model
-- Up-to-date: /home/omerb/garp1_ws/install/garp_description/share/garp_description/model/main.urdf.xacro
-- Installing: /home/omerb/garp1_ws/install/garp_description/share/garp_description/model/wheels.urdf.xacro
-- Up-to-date: /home/omerb/garp1_ws/install/garp_description/share/ament_index/resource_index/package_run_dependencies/garp_description
-- Up-to-date: /home/omerb/garp1_ws/install/garp_description/share/ament_index/resource_index/parent_prefix_path/garp_description
-- Up-to-date: /home/omerb/garp1_ws/install/garp_description/share/garp_description/environment/ament_prefix_path.sh
-- Up-to-date: /home/omerb/garp1_ws/install/garp_description/share/garp_description/environment/ament_prefix_path.dsv
-- Up-to-date: /home/omerb/garp1_ws/install/garp_description/share/garp_description/environment/path.sh
-- Up-to-date: /home/omerb/garp1_ws/install/garp_description/share/garp_description/environment/path.dsv
-- Up-to-date: /home/omerb/garp1_ws/install/garp_description/share/garp_description/local_setup.bash
-- Up-to-date: /home/omerb/garp1_ws/install/garp_description/share/garp_description/local_setup.sh
-- Up-to-date: /home/omerb/garp1_ws/install/garp_description/share/garp_description/local_setup.zsh
-- Up-to-date: /home/omerb/garp1_ws/install/garp_description/share/garp_description/local_setup.dsv
-- Installing: /home/omerb/garp1_ws/install/garp_description/share/garp_description/package.dsv
-- Up-to-date: /home/omerb/garp1_ws/install/garp_description/share/ament_index/resource_index/packages/garp_description
-- Up-to-date: /home/omerb/garp1_ws/install/garp_description/share/garp_description/cmake/garp_descriptionConfig.cmake
-- Up-to-date: /home/omerb/garp1_ws/install/garp_description/share/garp_description/cmake/garp_descriptionConfig-version.cmake
-- Up-to-date: /home/omerb/garp1_ws/install/garp_description/share/garp_description/package.xml
