[0.011s] Invoking command in '/home/omerb/garp1_ws/build/garp_description': CMAKE_PREFIX_PATH=${CMAKE_PREFIX_PATH}:/opt/ros/jazzy DEBUGINFOD_URLS=https://debuginfod.ubuntu.com PS1=(venv-ardupilot) VIRTUAL_ENV_PROMPT=(venv-ardupilot) /usr/bin/cmake --build /home/omerb/garp1_ws/build/garp_description -- -j16 -l16
[0.053s] Invoked command in '/home/omerb/garp1_ws/build/garp_description' returned '0': CMAKE_PREFIX_PATH=${CMAKE_PREFIX_PATH}:/opt/ros/jazzy DEBUGINFOD_URLS=https://debuginfod.ubuntu.com PS1=(venv-ardupilot) VIRTUAL_ENV_PROMPT=(venv-ardupilot) /usr/bin/cmake --build /home/omerb/garp1_ws/build/garp_description -- -j16 -l16
[0.064s] Invoking command in '/home/omerb/garp1_ws/build/garp_description': CMAKE_PREFIX_PATH=${CMAKE_PREFIX_PATH}:/opt/ros/jazzy DEBUGINFOD_URLS=https://debuginfod.ubuntu.com PS1=(venv-ardupilot) VIRTUAL_ENV_PROMPT=(venv-ardupilot) /usr/bin/cmake --install /home/omerb/garp1_ws/build/garp_description
[0.073s] -- Install configuration: ""
[0.073s] -- Up-to-date: /home/omerb/garp1_ws/install/garp_description/share/garp_description/launch
[0.073s] -- Up-to-date: /home/omerb/garp1_ws/install/garp_description/share/garp_description/launch/display.launch.py
[0.073s] -- Up-to-date: /home/omerb/garp1_ws/install/garp_description/share/garp_description/model
[0.073s] -- Up-to-date: /home/omerb/garp1_ws/install/garp_description/share/garp_description/model/main.urdf.xacro
[0.074s] -- Installing: /home/omerb/garp1_ws/install/garp_description/share/garp_description/model/wheels.urdf.xacro
[0.074s] -- Up-to-date: /home/omerb/garp1_ws/install/garp_description/share/ament_index/resource_index/package_run_dependencies/garp_description
[0.074s] -- Up-to-date: /home/omerb/garp1_ws/install/garp_description/share/ament_index/resource_index/parent_prefix_path/garp_description
[0.074s] -- Up-to-date: /home/omerb/garp1_ws/install/garp_description/share/garp_description/environment/ament_prefix_path.sh
[0.074s] -- Up-to-date: /home/omerb/garp1_ws/install/garp_description/share/garp_description/environment/ament_prefix_path.dsv
[0.075s] -- Up-to-date: /home/omerb/garp1_ws/install/garp_description/share/garp_description/environment/path.sh
[0.075s] -- Up-to-date: /home/omerb/garp1_ws/install/garp_description/share/garp_description/environment/path.dsv
[0.075s] -- Up-to-date: /home/omerb/garp1_ws/install/garp_description/share/garp_description/local_setup.bash
[0.076s] -- Up-to-date: /home/omerb/garp1_ws/install/garp_description/share/garp_description/local_setup.sh
[0.076s] -- Up-to-date: /home/omerb/garp1_ws/install/garp_description/share/garp_description/local_setup.zsh
[0.076s] -- Up-to-date: /home/omerb/garp1_ws/install/garp_description/share/garp_description/local_setup.dsv
[0.076s] -- Installing: /home/omerb/garp1_ws/install/garp_description/share/garp_description/package.dsv
[0.077s] -- Up-to-date: /home/omerb/garp1_ws/install/garp_description/share/ament_index/resource_index/packages/garp_description
[0.077s] -- Up-to-date: /home/omerb/garp1_ws/install/garp_description/share/garp_description/cmake/garp_descriptionConfig.cmake
[0.077s] -- Up-to-date: /home/omerb/garp1_ws/install/garp_description/share/garp_description/cmake/garp_descriptionConfig-version.cmake
[0.077s] -- Up-to-date: /home/omerb/garp1_ws/install/garp_description/share/garp_description/package.xml
[0.077s] Invoked command in '/home/omerb/garp1_ws/build/garp_description' returned '0': CMAKE_PREFIX_PATH=${CMAKE_PREFIX_PATH}:/opt/ros/jazzy DEBUGINFOD_URLS=https://debuginfod.ubuntu.com PS1=(venv-ardupilot) VIRTUAL_ENV_PROMPT=(venv-ardupilot) /usr/bin/cmake --install /home/omerb/garp1_ws/build/garp_description
