[0.111s] DEBUG:colcon:Command line arguments: ['/usr/bin/colcon', 'build', '--symlink-install']
[0.111s] DEBUG:colcon:Parsed command line arguments: Namespace(log_base=None, log_level=None, verb_name='build', build_base='build', install_base='install', merge_install=False, symlink_install=True, test_result_base=None, continue_on_error=False, executor='parallel', parallel_workers=16, event_handlers=None, ignore_user_meta=False, metas=['./colcon.meta'], base_paths=['.'], packages_ignore=None, packages_ignore_regex=None, paths=None, packages_up_to=None, packages_up_to_regex=None, packages_above=None, packages_above_and_dependencies=None, packages_above_depth=None, packages_select_by_dep=None, packages_skip_by_dep=None, packages_skip_up_to=None, packages_select_build_failed=False, packages_skip_build_finished=False, packages_select_test_failures=False, packages_skip_test_passed=False, packages_select=None, packages_skip=None, packages_select_regex=None, packages_skip_regex=None, packages_start=None, packages_end=None, allow_overriding=[], cmake_args=None, cmake_target=None, cmake_target_skip_unavailable=False, cmake_clean_cache=False, cmake_clean_first=False, cmake_force_configure=False, ament_cmake_args=None, catkin_cmake_args=None, catkin_skip_building_tests=False, mixin_files=None, mixin=None, verb_parser=<colcon_mixin.mixin.mixin_argument.MixinArgumentDecorator object at 0x7ae92d59ce30>, verb_extension=<colcon_core.verb.build.BuildVerb object at 0x7ae92d6bd6d0>, main=<bound method BuildVerb.main of <colcon_core.verb.build.BuildVerb object at 0x7ae92d6bd6d0>>, mixin_verb=('build',))
[0.152s] Level 1:colcon.colcon_core.package_discovery:discover_packages(colcon_meta) check parameters
[0.152s] Level 1:colcon.colcon_core.package_discovery:discover_packages(recursive) check parameters
[0.152s] Level 1:colcon.colcon_core.package_discovery:discover_packages(ignore) check parameters
[0.152s] Level 1:colcon.colcon_core.package_discovery:discover_packages(path) check parameters
[0.152s] Level 1:colcon.colcon_core.package_discovery:discover_packages(colcon_meta) discover
[0.152s] Level 1:colcon.colcon_core.package_discovery:discover_packages(recursive) discover
[0.152s] INFO:colcon.colcon_core.package_discovery:Crawling recursively for packages in '/home/omerb/garp9_ws'
[0.153s] Level 1:colcon.colcon_core.package_identification:_identify(.) by extensions ['ignore', 'ignore_ament_install']
[0.153s] Level 1:colcon.colcon_core.package_identification:_identify(.) by extension 'ignore'
[0.153s] Level 1:colcon.colcon_core.package_identification:_identify(.) by extension 'ignore_ament_install'
[0.153s] Level 1:colcon.colcon_core.package_identification:_identify(.) by extensions ['colcon_pkg']
[0.153s] Level 1:colcon.colcon_core.package_identification:_identify(.) by extension 'colcon_pkg'
[0.153s] Level 1:colcon.colcon_core.package_identification:_identify(.) by extensions ['colcon_meta']
[0.153s] Level 1:colcon.colcon_core.package_identification:_identify(.) by extension 'colcon_meta'
[0.153s] Level 1:colcon.colcon_core.package_identification:_identify(.) by extensions ['ros']
[0.153s] Level 1:colcon.colcon_core.package_identification:_identify(.) by extension 'ros'
[0.181s] Level 1:colcon.colcon_core.package_identification:_identify(.) by extensions ['cmake', 'python']
[0.181s] Level 1:colcon.colcon_core.package_identification:_identify(.) by extension 'cmake'
[0.181s] Level 1:colcon.colcon_core.package_identification:_identify(.) by extension 'python'
[0.181s] Level 1:colcon.colcon_core.package_identification:_identify(.) by extensions ['python_setup_py']
[0.181s] Level 1:colcon.colcon_core.package_identification:_identify(.) by extension 'python_setup_py'
[0.181s] Level 1:colcon.colcon_core.package_identification:_identify(build) by extensions ['ignore', 'ignore_ament_install']
[0.182s] Level 1:colcon.colcon_core.package_identification:_identify(build) by extension 'ignore'
[0.182s] Level 1:colcon.colcon_core.package_identification:_identify(build) ignored
[0.182s] Level 1:colcon.colcon_core.package_identification:_identify(install) by extensions ['ignore', 'ignore_ament_install']
[0.182s] Level 1:colcon.colcon_core.package_identification:_identify(install) by extension 'ignore'
[0.182s] Level 1:colcon.colcon_core.package_identification:_identify(install) ignored
[0.182s] Level 1:colcon.colcon_core.package_identification:_identify(log) by extensions ['ignore', 'ignore_ament_install']
[0.182s] Level 1:colcon.colcon_core.package_identification:_identify(log) by extension 'ignore'
[0.182s] Level 1:colcon.colcon_core.package_identification:_identify(log) ignored
[0.182s] Level 1:colcon.colcon_core.package_identification:_identify(src) by extensions ['ignore', 'ignore_ament_install']
[0.182s] Level 1:colcon.colcon_core.package_identification:_identify(src) by extension 'ignore'
[0.182s] Level 1:colcon.colcon_core.package_identification:_identify(src) by extension 'ignore_ament_install'
[0.182s] Level 1:colcon.colcon_core.package_identification:_identify(src) by extensions ['colcon_pkg']
[0.182s] Level 1:colcon.colcon_core.package_identification:_identify(src) by extension 'colcon_pkg'
[0.182s] Level 1:colcon.colcon_core.package_identification:_identify(src) by extensions ['colcon_meta']
[0.182s] Level 1:colcon.colcon_core.package_identification:_identify(src) by extension 'colcon_meta'
[0.182s] Level 1:colcon.colcon_core.package_identification:_identify(src) by extensions ['ros']
[0.182s] Level 1:colcon.colcon_core.package_identification:_identify(src) by extension 'ros'
[0.182s] Level 1:colcon.colcon_core.package_identification:_identify(src) by extensions ['cmake', 'python']
[0.182s] Level 1:colcon.colcon_core.package_identification:_identify(src) by extension 'cmake'
[0.182s] Level 1:colcon.colcon_core.package_identification:_identify(src) by extension 'python'
[0.182s] Level 1:colcon.colcon_core.package_identification:_identify(src) by extensions ['python_setup_py']
[0.182s] Level 1:colcon.colcon_core.package_identification:_identify(src) by extension 'python_setup_py'
[0.182s] Level 1:colcon.colcon_core.package_identification:_identify(src/garp_description) by extensions ['ignore', 'ignore_ament_install']
[0.182s] Level 1:colcon.colcon_core.package_identification:_identify(src/garp_description) by extension 'ignore'
[0.182s] Level 1:colcon.colcon_core.package_identification:_identify(src/garp_description) by extension 'ignore_ament_install'
[0.183s] Level 1:colcon.colcon_core.package_identification:_identify(src/garp_description) by extensions ['colcon_pkg']
[0.183s] Level 1:colcon.colcon_core.package_identification:_identify(src/garp_description) by extension 'colcon_pkg'
[0.183s] Level 1:colcon.colcon_core.package_identification:_identify(src/garp_description) by extensions ['colcon_meta']
[0.183s] Level 1:colcon.colcon_core.package_identification:_identify(src/garp_description) by extension 'colcon_meta'
[0.183s] Level 1:colcon.colcon_core.package_identification:_identify(src/garp_description) by extensions ['ros']
[0.183s] Level 1:colcon.colcon_core.package_identification:_identify(src/garp_description) by extension 'ros'
[0.185s] DEBUG:colcon.colcon_core.package_identification:Package 'src/garp_description' with type 'ros.ament_cmake' and name 'garp_description'
[0.185s] Level 1:colcon.colcon_core.package_identification:_identify(src/garp_simulate) by extensions ['ignore', 'ignore_ament_install']
[0.185s] Level 1:colcon.colcon_core.package_identification:_identify(src/garp_simulate) by extension 'ignore'
[0.185s] Level 1:colcon.colcon_core.package_identification:_identify(src/garp_simulate) by extension 'ignore_ament_install'
[0.185s] Level 1:colcon.colcon_core.package_identification:_identify(src/garp_simulate) by extensions ['colcon_pkg']
[0.185s] Level 1:colcon.colcon_core.package_identification:_identify(src/garp_simulate) by extension 'colcon_pkg'
[0.185s] Level 1:colcon.colcon_core.package_identification:_identify(src/garp_simulate) by extensions ['colcon_meta']
[0.185s] Level 1:colcon.colcon_core.package_identification:_identify(src/garp_simulate) by extension 'colcon_meta'
[0.185s] Level 1:colcon.colcon_core.package_identification:_identify(src/garp_simulate) by extensions ['ros']
[0.185s] Level 1:colcon.colcon_core.package_identification:_identify(src/garp_simulate) by extension 'ros'
[0.185s] DEBUG:colcon.colcon_core.package_identification:Package 'src/garp_simulate' with type 'ros.ament_cmake' and name 'garp_simulate'
[0.186s] Level 1:colcon.colcon_core.package_identification:_identify(src/garp_tools) by extensions ['ignore', 'ignore_ament_install']
[0.186s] Level 1:colcon.colcon_core.package_identification:_identify(src/garp_tools) by extension 'ignore'
[0.186s] Level 1:colcon.colcon_core.package_identification:_identify(src/garp_tools) by extension 'ignore_ament_install'
[0.186s] Level 1:colcon.colcon_core.package_identification:_identify(src/garp_tools) by extensions ['colcon_pkg']
[0.186s] Level 1:colcon.colcon_core.package_identification:_identify(src/garp_tools) by extension 'colcon_pkg'
[0.186s] Level 1:colcon.colcon_core.package_identification:_identify(src/garp_tools) by extensions ['colcon_meta']
[0.186s] Level 1:colcon.colcon_core.package_identification:_identify(src/garp_tools) by extension 'colcon_meta'
[0.186s] Level 1:colcon.colcon_core.package_identification:_identify(src/garp_tools) by extensions ['ros']
[0.186s] Level 1:colcon.colcon_core.package_identification:_identify(src/garp_tools) by extension 'ros'
[0.188s] DEBUG:colcon.colcon_core.package_identification:Package 'src/garp_tools' with type 'ros.ament_python' and name 'garp_tools'
[0.188s] Level 1:colcon.colcon_core.package_discovery:discover_packages(recursive) using defaults
[0.188s] Level 1:colcon.colcon_core.package_discovery:discover_packages(ignore) discover
[0.188s] Level 1:colcon.colcon_core.package_discovery:discover_packages(ignore) using defaults
[0.188s] Level 1:colcon.colcon_core.package_discovery:discover_packages(path) discover
[0.188s] Level 1:colcon.colcon_core.package_discovery:discover_packages(path) using defaults
[0.218s] Level 1:colcon.colcon_core.package_discovery:discover_packages(prefix_path) check parameters
[0.218s] Level 1:colcon.colcon_core.package_discovery:discover_packages(prefix_path) discover
[0.221s] DEBUG:colcon.colcon_installed_package_information.package_discovery:Found 1 installed packages in /home/omerb/ardupilot_gazebo/install
[0.223s] DEBUG:colcon.colcon_installed_package_information.package_discovery:Found 387 installed packages in /opt/ros/jazzy
[0.225s] Level 1:colcon.colcon_core.package_discovery:discover_packages(prefix_path) using defaults
[0.271s] Level 5:colcon.colcon_core.verb:set package 'garp_description' build argument 'cmake_args' from command line to 'None'
[0.271s] Level 5:colcon.colcon_core.verb:set package 'garp_description' build argument 'cmake_target' from command line to 'None'
[0.271s] Level 5:colcon.colcon_core.verb:set package 'garp_description' build argument 'cmake_target_skip_unavailable' from command line to 'False'
[0.271s] Level 5:colcon.colcon_core.verb:set package 'garp_description' build argument 'cmake_clean_cache' from command line to 'False'
[0.271s] Level 5:colcon.colcon_core.verb:set package 'garp_description' build argument 'cmake_clean_first' from command line to 'False'
[0.271s] Level 5:colcon.colcon_core.verb:set package 'garp_description' build argument 'cmake_force_configure' from command line to 'False'
[0.271s] Level 5:colcon.colcon_core.verb:set package 'garp_description' build argument 'ament_cmake_args' from command line to 'None'
[0.271s] Level 5:colcon.colcon_core.verb:set package 'garp_description' build argument 'catkin_cmake_args' from command line to 'None'
[0.271s] Level 5:colcon.colcon_core.verb:set package 'garp_description' build argument 'catkin_skip_building_tests' from command line to 'False'
[0.271s] DEBUG:colcon.colcon_core.verb:Building package 'garp_description' with the following arguments: {'ament_cmake_args': None, 'build_base': '/home/omerb/garp9_ws/build/garp_description', 'catkin_cmake_args': None, 'catkin_skip_building_tests': False, 'cmake_args': None, 'cmake_clean_cache': False, 'cmake_clean_first': False, 'cmake_force_configure': False, 'cmake_target': None, 'cmake_target_skip_unavailable': False, 'install_base': '/home/omerb/garp9_ws/install/garp_description', 'merge_install': False, 'path': '/home/omerb/garp9_ws/src/garp_description', 'symlink_install': True, 'test_result_base': None}
[0.271s] Level 5:colcon.colcon_core.verb:set package 'garp_simulate' build argument 'cmake_args' from command line to 'None'
[0.271s] Level 5:colcon.colcon_core.verb:set package 'garp_simulate' build argument 'cmake_target' from command line to 'None'
[0.271s] Level 5:colcon.colcon_core.verb:set package 'garp_simulate' build argument 'cmake_target_skip_unavailable' from command line to 'False'
[0.272s] Level 5:colcon.colcon_core.verb:set package 'garp_simulate' build argument 'cmake_clean_cache' from command line to 'False'
[0.272s] Level 5:colcon.colcon_core.verb:set package 'garp_simulate' build argument 'cmake_clean_first' from command line to 'False'
[0.272s] Level 5:colcon.colcon_core.verb:set package 'garp_simulate' build argument 'cmake_force_configure' from command line to 'False'
[0.272s] Level 5:colcon.colcon_core.verb:set package 'garp_simulate' build argument 'ament_cmake_args' from command line to 'None'
[0.272s] Level 5:colcon.colcon_core.verb:set package 'garp_simulate' build argument 'catkin_cmake_args' from command line to 'None'
[0.272s] Level 5:colcon.colcon_core.verb:set package 'garp_simulate' build argument 'catkin_skip_building_tests' from command line to 'False'
[0.272s] DEBUG:colcon.colcon_core.verb:Building package 'garp_simulate' with the following arguments: {'ament_cmake_args': None, 'build_base': '/home/omerb/garp9_ws/build/garp_simulate', 'catkin_cmake_args': None, 'catkin_skip_building_tests': False, 'cmake_args': None, 'cmake_clean_cache': False, 'cmake_clean_first': False, 'cmake_force_configure': False, 'cmake_target': None, 'cmake_target_skip_unavailable': False, 'install_base': '/home/omerb/garp9_ws/install/garp_simulate', 'merge_install': False, 'path': '/home/omerb/garp9_ws/src/garp_simulate', 'symlink_install': True, 'test_result_base': None}
[0.272s] Level 5:colcon.colcon_core.verb:set package 'garp_tools' build argument 'cmake_args' from command line to 'None'
[0.272s] Level 5:colcon.colcon_core.verb:set package 'garp_tools' build argument 'cmake_target' from command line to 'None'
[0.272s] Level 5:colcon.colcon_core.verb:set package 'garp_tools' build argument 'cmake_target_skip_unavailable' from command line to 'False'
[0.272s] Level 5:colcon.colcon_core.verb:set package 'garp_tools' build argument 'cmake_clean_cache' from command line to 'False'
[0.272s] Level 5:colcon.colcon_core.verb:set package 'garp_tools' build argument 'cmake_clean_first' from command line to 'False'
[0.272s] Level 5:colcon.colcon_core.verb:set package 'garp_tools' build argument 'cmake_force_configure' from command line to 'False'
[0.272s] Level 5:colcon.colcon_core.verb:set package 'garp_tools' build argument 'ament_cmake_args' from command line to 'None'
[0.272s] Level 5:colcon.colcon_core.verb:set package 'garp_tools' build argument 'catkin_cmake_args' from command line to 'None'
[0.272s] Level 5:colcon.colcon_core.verb:set package 'garp_tools' build argument 'catkin_skip_building_tests' from command line to 'False'
[0.272s] DEBUG:colcon.colcon_core.verb:Building package 'garp_tools' with the following arguments: {'ament_cmake_args': None, 'build_base': '/home/omerb/garp9_ws/build/garp_tools', 'catkin_cmake_args': None, 'catkin_skip_building_tests': False, 'cmake_args': None, 'cmake_clean_cache': False, 'cmake_clean_first': False, 'cmake_force_configure': False, 'cmake_target': None, 'cmake_target_skip_unavailable': False, 'install_base': '/home/omerb/garp9_ws/install/garp_tools', 'merge_install': False, 'path': '/home/omerb/garp9_ws/src/garp_tools', 'symlink_install': True, 'test_result_base': None}
[0.272s] INFO:colcon.colcon_core.executor:Executing jobs using 'parallel' executor
[0.273s] DEBUG:colcon.colcon_parallel_executor.executor.parallel:run_until_complete
[0.273s] INFO:colcon.colcon_ros.task.ament_cmake.build:Building ROS package in '/home/omerb/garp9_ws/src/garp_description' with build type 'ament_cmake'
[0.273s] INFO:colcon.colcon_cmake.task.cmake.build:Building CMake package in '/home/omerb/garp9_ws/src/garp_description'
[0.275s] INFO:colcon.colcon_core.plugin_system:Skipping extension 'colcon_core.shell.bat': Not used on non-Windows systems
[0.275s] INFO:colcon.colcon_core.shell:Skip shell extension 'powershell' for command environment: Not usable outside of PowerShell
[0.275s] DEBUG:colcon.colcon_core.shell:Skip shell extension 'dsv' for command environment
[0.279s] INFO:colcon.colcon_ros.task.ament_cmake.build:Building ROS package in '/home/omerb/garp9_ws/src/garp_simulate' with build type 'ament_cmake'
[0.279s] INFO:colcon.colcon_cmake.task.cmake.build:Building CMake package in '/home/omerb/garp9_ws/src/garp_simulate'
[0.280s] INFO:colcon.colcon_core.shell:Skip shell extension 'powershell' for command environment: Not usable outside of PowerShell
[0.280s] DEBUG:colcon.colcon_core.shell:Skip shell extension 'dsv' for command environment
[0.283s] INFO:colcon.colcon_ros.task.ament_python.build:Building ROS package in '/home/omerb/garp9_ws/src/garp_tools' with build type 'ament_python'
[0.283s] Level 1:colcon.colcon_core.shell:create_environment_hook('garp_tools', 'ament_prefix_path')
[0.283s] INFO:colcon.colcon_core.shell:Creating environment hook '/home/omerb/garp9_ws/install/garp_tools/share/garp_tools/hook/ament_prefix_path.ps1'
[0.283s] INFO:colcon.colcon_core.shell:Creating environment descriptor '/home/omerb/garp9_ws/install/garp_tools/share/garp_tools/hook/ament_prefix_path.dsv'
[0.284s] INFO:colcon.colcon_core.shell:Creating environment hook '/home/omerb/garp9_ws/install/garp_tools/share/garp_tools/hook/ament_prefix_path.sh'
[0.284s] INFO:colcon.colcon_core.shell:Skip shell extension 'powershell' for command environment: Not usable outside of PowerShell
[0.284s] DEBUG:colcon.colcon_core.shell:Skip shell extension 'dsv' for command environment
[0.292s] DEBUG:colcon.colcon_core.event_handler.log_command:Invoking command in '/home/omerb/garp9_ws/build/garp_description': CMAKE_PREFIX_PATH=${CMAKE_PREFIX_PATH}:/opt/ros/jazzy DEBUGINFOD_URLS=https://debuginfod.ubuntu.com PS1=(venv-ardupilot) VIRTUAL_ENV_PROMPT=(venv-ardupilot) /usr/bin/cmake --build /home/omerb/garp9_ws/build/garp_description -- -j16 -l16
[0.333s] DEBUG:colcon.colcon_core.event_handler.log_command:Invoking command in '/home/omerb/garp9_ws/build/garp_simulate': CMAKE_PREFIX_PATH=${CMAKE_PREFIX_PATH}:/opt/ros/jazzy DEBUGINFOD_URLS=https://debuginfod.ubuntu.com PS1=(venv-ardupilot) VIRTUAL_ENV_PROMPT=(venv-ardupilot) /usr/bin/cmake --build /home/omerb/garp9_ws/build/garp_simulate -- -j16 -l16
[0.566s] INFO:colcon.colcon_core.task.python.build:Building Python package in '/home/omerb/garp9_ws/src/garp_tools'
[0.566s] INFO:colcon.colcon_core.shell:Skip shell extension 'powershell' for command environment: Not usable outside of PowerShell
[0.566s] DEBUG:colcon.colcon_core.shell:Skip shell extension 'dsv' for command environment
[0.571s] DEBUG:colcon.colcon_core.event_handler.log_command:Invoked command in '/home/omerb/garp9_ws/build/garp_description' returned '0': CMAKE_PREFIX_PATH=${CMAKE_PREFIX_PATH}:/opt/ros/jazzy DEBUGINFOD_URLS=https://debuginfod.ubuntu.com PS1=(venv-ardupilot) VIRTUAL_ENV_PROMPT=(venv-ardupilot) /usr/bin/cmake --build /home/omerb/garp9_ws/build/garp_description -- -j16 -l16
[0.584s] DEBUG:colcon.colcon_core.event_handler.log_command:Invoking command in '/home/omerb/garp9_ws/build/garp_description': CMAKE_PREFIX_PATH=${CMAKE_PREFIX_PATH}:/opt/ros/jazzy DEBUGINFOD_URLS=https://debuginfod.ubuntu.com PS1=(venv-ardupilot) VIRTUAL_ENV_PROMPT=(venv-ardupilot) /usr/bin/cmake --install /home/omerb/garp9_ws/build/garp_description
[0.584s] DEBUG:colcon.colcon_core.event_handler.log_command:Invoked command in '/home/omerb/garp9_ws/build/garp_simulate' returned '0': CMAKE_PREFIX_PATH=${CMAKE_PREFIX_PATH}:/opt/ros/jazzy DEBUGINFOD_URLS=https://debuginfod.ubuntu.com PS1=(venv-ardupilot) VIRTUAL_ENV_PROMPT=(venv-ardupilot) /usr/bin/cmake --build /home/omerb/garp9_ws/build/garp_simulate -- -j16 -l16
[0.585s] DEBUG:colcon.colcon_core.event_handler.log_command:Invoking command in '/home/omerb/garp9_ws/build/garp_simulate': CMAKE_PREFIX_PATH=${CMAKE_PREFIX_PATH}:/opt/ros/jazzy DEBUGINFOD_URLS=https://debuginfod.ubuntu.com PS1=(venv-ardupilot) VIRTUAL_ENV_PROMPT=(venv-ardupilot) /usr/bin/cmake --install /home/omerb/garp9_ws/build/garp_simulate
[0.620s] Level 1:colcon.colcon_core.environment:create_environment_scripts_only(garp_description)
[0.621s] DEBUG:colcon.colcon_core.event_handler.log_command:Invoked command in '/home/omerb/garp9_ws/build/garp_description' returned '0': CMAKE_PREFIX_PATH=${CMAKE_PREFIX_PATH}:/opt/ros/jazzy DEBUGINFOD_URLS=https://debuginfod.ubuntu.com PS1=(venv-ardupilot) VIRTUAL_ENV_PROMPT=(venv-ardupilot) /usr/bin/cmake --install /home/omerb/garp9_ws/build/garp_description
[0.623s] Level 1:colcon.colcon_core.environment:checking '/home/omerb/garp9_ws/install/garp_description' for CMake module files
[0.624s] Level 1:colcon.colcon_core.environment:checking '/home/omerb/garp9_ws/install/garp_description' for CMake config files
[0.624s] Level 1:colcon.colcon_core.shell:create_environment_hook('garp_description', 'cmake_prefix_path')
[0.624s] INFO:colcon.colcon_core.shell:Creating environment hook '/home/omerb/garp9_ws/install/garp_description/share/garp_description/hook/cmake_prefix_path.ps1'
[0.625s] INFO:colcon.colcon_core.shell:Creating environment descriptor '/home/omerb/garp9_ws/install/garp_description/share/garp_description/hook/cmake_prefix_path.dsv'
[0.625s] INFO:colcon.colcon_core.shell:Creating environment hook '/home/omerb/garp9_ws/install/garp_description/share/garp_description/hook/cmake_prefix_path.sh'
[0.626s] Level 1:colcon.colcon_core.environment:checking '/home/omerb/garp9_ws/install/garp_description/bin'
[0.627s] Level 1:colcon.colcon_core.environment:checking '/home/omerb/garp9_ws/install/garp_description/lib/pkgconfig/garp_description.pc'
[0.627s] Level 1:colcon.colcon_core.environment:checking '/home/omerb/garp9_ws/install/garp_description/lib/python3.12/site-packages'
[0.627s] Level 1:colcon.colcon_core.environment:checking '/home/omerb/garp9_ws/install/garp_description/bin'
[0.628s] INFO:colcon.colcon_core.shell:Creating package script '/home/omerb/garp9_ws/install/garp_description/share/garp_description/package.ps1'
[0.629s] INFO:colcon.colcon_core.shell:Creating package descriptor '/home/omerb/garp9_ws/install/garp_description/share/garp_description/package.dsv'
[0.629s] INFO:colcon.colcon_core.shell:Creating package script '/home/omerb/garp9_ws/install/garp_description/share/garp_description/package.sh'
[0.630s] INFO:colcon.colcon_core.shell:Creating package script '/home/omerb/garp9_ws/install/garp_description/share/garp_description/package.bash'
[0.631s] INFO:colcon.colcon_core.shell:Creating package script '/home/omerb/garp9_ws/install/garp_description/share/garp_description/package.zsh'
[0.632s] Level 1:colcon.colcon_core.environment:create_file_with_runtime_dependencies(/home/omerb/garp9_ws/install/garp_description/share/colcon-core/packages/garp_description)
[0.632s] Level 1:colcon.colcon_core.environment:create_environment_scripts_only(garp_description)
[0.633s] Level 1:colcon.colcon_core.environment:checking '/home/omerb/garp9_ws/install/garp_description' for CMake module files
[0.633s] Level 1:colcon.colcon_core.environment:checking '/home/omerb/garp9_ws/install/garp_description' for CMake config files
[0.633s] Level 1:colcon.colcon_core.shell:create_environment_hook('garp_description', 'cmake_prefix_path')
[0.634s] INFO:colcon.colcon_core.shell:Creating environment hook '/home/omerb/garp9_ws/install/garp_description/share/garp_description/hook/cmake_prefix_path.ps1'
[0.634s] INFO:colcon.colcon_core.shell:Creating environment descriptor '/home/omerb/garp9_ws/install/garp_description/share/garp_description/hook/cmake_prefix_path.dsv'
[0.635s] INFO:colcon.colcon_core.shell:Creating environment hook '/home/omerb/garp9_ws/install/garp_description/share/garp_description/hook/cmake_prefix_path.sh'
[0.636s] Level 1:colcon.colcon_core.environment:checking '/home/omerb/garp9_ws/install/garp_description/bin'
[0.636s] Level 1:colcon.colcon_core.environment:checking '/home/omerb/garp9_ws/install/garp_description/lib/pkgconfig/garp_description.pc'
[0.637s] Level 1:colcon.colcon_core.environment:checking '/home/omerb/garp9_ws/install/garp_description/lib/python3.12/site-packages'
[0.637s] Level 1:colcon.colcon_core.environment:checking '/home/omerb/garp9_ws/install/garp_description/bin'
[0.638s] INFO:colcon.colcon_core.shell:Creating package script '/home/omerb/garp9_ws/install/garp_description/share/garp_description/package.ps1'
[0.639s] INFO:colcon.colcon_core.shell:Creating package descriptor '/home/omerb/garp9_ws/install/garp_description/share/garp_description/package.dsv'
[0.639s] INFO:colcon.colcon_core.shell:Creating package script '/home/omerb/garp9_ws/install/garp_description/share/garp_description/package.sh'
[0.640s] INFO:colcon.colcon_core.shell:Creating package script '/home/omerb/garp9_ws/install/garp_description/share/garp_description/package.bash'
[0.641s] INFO:colcon.colcon_core.shell:Creating package script '/home/omerb/garp9_ws/install/garp_description/share/garp_description/package.zsh'
[0.641s] Level 1:colcon.colcon_core.environment:create_file_with_runtime_dependencies(/home/omerb/garp9_ws/install/garp_description/share/colcon-core/packages/garp_description)
[0.642s] Level 1:colcon.colcon_core.environment:create_environment_scripts_only(garp_simulate)
[0.642s] Level 1:colcon.colcon_core.environment:checking '/home/omerb/garp9_ws/install/garp_simulate' for CMake module files
[0.643s] DEBUG:colcon.colcon_core.event_handler.log_command:Invoked command in '/home/omerb/garp9_ws/build/garp_simulate' returned '0': CMAKE_PREFIX_PATH=${CMAKE_PREFIX_PATH}:/opt/ros/jazzy DEBUGINFOD_URLS=https://debuginfod.ubuntu.com PS1=(venv-ardupilot) VIRTUAL_ENV_PROMPT=(venv-ardupilot) /usr/bin/cmake --install /home/omerb/garp9_ws/build/garp_simulate
[0.643s] Level 1:colcon.colcon_core.environment:checking '/home/omerb/garp9_ws/install/garp_simulate' for CMake config files
[0.644s] Level 1:colcon.colcon_core.shell:create_environment_hook('garp_simulate', 'cmake_prefix_path')
[0.644s] INFO:colcon.colcon_core.shell:Creating environment hook '/home/omerb/garp9_ws/install/garp_simulate/share/garp_simulate/hook/cmake_prefix_path.ps1'
[0.645s] INFO:colcon.colcon_core.shell:Creating environment descriptor '/home/omerb/garp9_ws/install/garp_simulate/share/garp_simulate/hook/cmake_prefix_path.dsv'
[0.646s] INFO:colcon.colcon_core.shell:Creating environment hook '/home/omerb/garp9_ws/install/garp_simulate/share/garp_simulate/hook/cmake_prefix_path.sh'
[0.647s] Level 1:colcon.colcon_core.environment:checking '/home/omerb/garp9_ws/install/garp_simulate/bin'
[0.647s] Level 1:colcon.colcon_core.environment:checking '/home/omerb/garp9_ws/install/garp_simulate/lib/pkgconfig/garp_simulate.pc'
[0.647s] Level 1:colcon.colcon_core.environment:checking '/home/omerb/garp9_ws/install/garp_simulate/lib/python3.12/site-packages'
[0.648s] Level 1:colcon.colcon_core.environment:checking '/home/omerb/garp9_ws/install/garp_simulate/bin'
[0.648s] INFO:colcon.colcon_core.shell:Creating package script '/home/omerb/garp9_ws/install/garp_simulate/share/garp_simulate/package.ps1'
[0.649s] INFO:colcon.colcon_core.shell:Creating package descriptor '/home/omerb/garp9_ws/install/garp_simulate/share/garp_simulate/package.dsv'
[0.649s] INFO:colcon.colcon_core.shell:Creating package script '/home/omerb/garp9_ws/install/garp_simulate/share/garp_simulate/package.sh'
[0.650s] INFO:colcon.colcon_core.shell:Creating package script '/home/omerb/garp9_ws/install/garp_simulate/share/garp_simulate/package.bash'
[0.650s] INFO:colcon.colcon_core.shell:Creating package script '/home/omerb/garp9_ws/install/garp_simulate/share/garp_simulate/package.zsh'
[0.650s] Level 1:colcon.colcon_core.environment:create_file_with_runtime_dependencies(/home/omerb/garp9_ws/install/garp_simulate/share/colcon-core/packages/garp_simulate)
[0.651s] Level 1:colcon.colcon_core.environment:create_environment_scripts_only(garp_simulate)
[0.651s] Level 1:colcon.colcon_core.environment:checking '/home/omerb/garp9_ws/install/garp_simulate' for CMake module files
[0.651s] Level 1:colcon.colcon_core.environment:checking '/home/omerb/garp9_ws/install/garp_simulate' for CMake config files
[0.652s] Level 1:colcon.colcon_core.shell:create_environment_hook('garp_simulate', 'cmake_prefix_path')
[0.652s] INFO:colcon.colcon_core.shell:Creating environment hook '/home/omerb/garp9_ws/install/garp_simulate/share/garp_simulate/hook/cmake_prefix_path.ps1'
[0.652s] INFO:colcon.colcon_core.shell:Creating environment descriptor '/home/omerb/garp9_ws/install/garp_simulate/share/garp_simulate/hook/cmake_prefix_path.dsv'
[0.653s] INFO:colcon.colcon_core.shell:Creating environment hook '/home/omerb/garp9_ws/install/garp_simulate/share/garp_simulate/hook/cmake_prefix_path.sh'
[0.653s] Level 1:colcon.colcon_core.environment:checking '/home/omerb/garp9_ws/install/garp_simulate/bin'
[0.653s] Level 1:colcon.colcon_core.environment:checking '/home/omerb/garp9_ws/install/garp_simulate/lib/pkgconfig/garp_simulate.pc'
[0.654s] Level 1:colcon.colcon_core.environment:checking '/home/omerb/garp9_ws/install/garp_simulate/lib/python3.12/site-packages'
[0.654s] Level 1:colcon.colcon_core.environment:checking '/home/omerb/garp9_ws/install/garp_simulate/bin'
[0.654s] INFO:colcon.colcon_core.shell:Creating package script '/home/omerb/garp9_ws/install/garp_simulate/share/garp_simulate/package.ps1'
[0.655s] INFO:colcon.colcon_core.shell:Creating package descriptor '/home/omerb/garp9_ws/install/garp_simulate/share/garp_simulate/package.dsv'
[0.656s] INFO:colcon.colcon_core.shell:Creating package script '/home/omerb/garp9_ws/install/garp_simulate/share/garp_simulate/package.sh'
[0.657s] INFO:colcon.colcon_core.shell:Creating package script '/home/omerb/garp9_ws/install/garp_simulate/share/garp_simulate/package.bash'
[0.657s] INFO:colcon.colcon_core.shell:Creating package script '/home/omerb/garp9_ws/install/garp_simulate/share/garp_simulate/package.zsh'
[0.658s] Level 1:colcon.colcon_core.environment:create_file_with_runtime_dependencies(/home/omerb/garp9_ws/install/garp_simulate/share/colcon-core/packages/garp_simulate)
[1.241s] DEBUG:colcon.colcon_core.event_handler.log_command:Invoking command in '/home/omerb/garp9_ws/build/garp_tools': DEBUGINFOD_URLS=https://debuginfod.ubuntu.com PS1=(venv-ardupilot) PYTHONPATH=/home/omerb/garp9_ws/build/garp_tools/prefix_override:/usr/lib/python3/dist-packages/colcon_core/task/python/colcon_distutils_commands:/home/omerb/garp9_ws/install/garp_tools/lib/python3.12/site-packages:${PYTHONPATH} VIRTUAL_ENV_PROMPT=(venv-ardupilot) /usr/bin/python3 -W ignore:setup.py install is deprecated -W ignore:easy_install command is deprecated setup.py develop --editable --build-directory /home/omerb/garp9_ws/build/garp_tools/build --no-deps symlink_data
[1.923s] Level 1:colcon.colcon_core.shell:create_environment_hook('garp_tools', 'pythonpath_develop')
[1.923s] INFO:colcon.colcon_core.shell:Creating environment hook '/home/omerb/garp9_ws/build/garp_tools/share/garp_tools/hook/pythonpath_develop.ps1'
[1.924s] DEBUG:colcon.colcon_core.event_handler.log_command:Invoked command in '/home/omerb/garp9_ws/build/garp_tools' returned '0': DEBUGINFOD_URLS=https://debuginfod.ubuntu.com PS1=(venv-ardupilot) PYTHONPATH=/home/omerb/garp9_ws/build/garp_tools/prefix_override:/usr/lib/python3/dist-packages/colcon_core/task/python/colcon_distutils_commands:/home/omerb/garp9_ws/install/garp_tools/lib/python3.12/site-packages:${PYTHONPATH} VIRTUAL_ENV_PROMPT=(venv-ardupilot) /usr/bin/python3 -W ignore:setup.py install is deprecated -W ignore:easy_install command is deprecated setup.py develop --editable --build-directory /home/omerb/garp9_ws/build/garp_tools/build --no-deps symlink_data
[1.925s] INFO:colcon.colcon_core.shell:Creating environment descriptor '/home/omerb/garp9_ws/build/garp_tools/share/garp_tools/hook/pythonpath_develop.dsv'
[1.926s] INFO:colcon.colcon_core.shell:Creating environment hook '/home/omerb/garp9_ws/build/garp_tools/share/garp_tools/hook/pythonpath_develop.sh'
[1.927s] Level 1:colcon.colcon_core.environment:checking '/home/omerb/garp9_ws/install/garp_tools' for CMake module files
[1.928s] Level 1:colcon.colcon_core.environment:checking '/home/omerb/garp9_ws/install/garp_tools' for CMake config files
[1.929s] Level 1:colcon.colcon_core.environment:checking '/home/omerb/garp9_ws/install/garp_tools/lib'
[1.930s] Level 1:colcon.colcon_core.environment:checking '/home/omerb/garp9_ws/install/garp_tools/bin'
[1.930s] Level 1:colcon.colcon_core.environment:checking '/home/omerb/garp9_ws/install/garp_tools/lib/pkgconfig/garp_tools.pc'
[1.930s] Level 1:colcon.colcon_core.environment:checking '/home/omerb/garp9_ws/install/garp_tools/lib/python3.12/site-packages'
[1.930s] Level 1:colcon.colcon_core.shell:create_environment_hook('garp_tools', 'pythonpath')
[1.931s] INFO:colcon.colcon_core.shell:Creating environment hook '/home/omerb/garp9_ws/install/garp_tools/share/garp_tools/hook/pythonpath.ps1'
[1.932s] INFO:colcon.colcon_core.shell:Creating environment descriptor '/home/omerb/garp9_ws/install/garp_tools/share/garp_tools/hook/pythonpath.dsv'
[1.932s] INFO:colcon.colcon_core.shell:Creating environment hook '/home/omerb/garp9_ws/install/garp_tools/share/garp_tools/hook/pythonpath.sh'
[1.933s] Level 1:colcon.colcon_core.environment:checking '/home/omerb/garp9_ws/install/garp_tools/bin'
[1.933s] Level 1:colcon.colcon_core.environment:create_environment_scripts_only(garp_tools)
[1.934s] INFO:colcon.colcon_core.shell:Creating package script '/home/omerb/garp9_ws/install/garp_tools/share/garp_tools/package.ps1'
[1.934s] INFO:colcon.colcon_core.shell:Creating package descriptor '/home/omerb/garp9_ws/install/garp_tools/share/garp_tools/package.dsv'
[1.935s] INFO:colcon.colcon_core.shell:Creating package script '/home/omerb/garp9_ws/install/garp_tools/share/garp_tools/package.sh'
[1.935s] INFO:colcon.colcon_core.shell:Creating package script '/home/omerb/garp9_ws/install/garp_tools/share/garp_tools/package.bash'
[1.935s] INFO:colcon.colcon_core.shell:Creating package script '/home/omerb/garp9_ws/install/garp_tools/share/garp_tools/package.zsh'
[1.936s] Level 1:colcon.colcon_core.environment:create_file_with_runtime_dependencies(/home/omerb/garp9_ws/install/garp_tools/share/colcon-core/packages/garp_tools)
[1.936s] DEBUG:colcon.colcon_parallel_executor.executor.parallel:closing loop
[1.936s] DEBUG:colcon.colcon_parallel_executor.executor.parallel:loop closed
[1.936s] DEBUG:colcon.colcon_parallel_executor.executor.parallel:run_until_complete finished with '0'
[1.937s] DEBUG:colcon.colcon_core.event_reactor:joining thread
[1.942s] INFO:colcon.colcon_core.plugin_system:Skipping extension 'colcon_notification.desktop_notification.terminal_notifier': Not used on non-Darwin systems
[1.942s] INFO:colcon.colcon_core.plugin_system:Skipping extension 'colcon_notification.desktop_notification.win32': Not used on non-Windows systems
[1.942s] INFO:colcon.colcon_notification.desktop_notification:Sending desktop notification using 'notify2'
[1.962s] DEBUG:colcon.colcon_core.event_reactor:joined thread
[1.962s] INFO:colcon.colcon_core.shell:Creating prefix script '/home/omerb/garp9_ws/install/local_setup.ps1'
[1.963s] INFO:colcon.colcon_core.shell:Creating prefix util module '/home/omerb/garp9_ws/install/_local_setup_util_ps1.py'
[1.965s] INFO:colcon.colcon_core.shell:Creating prefix chain script '/home/omerb/garp9_ws/install/setup.ps1'
[1.967s] INFO:colcon.colcon_core.shell:Creating prefix script '/home/omerb/garp9_ws/install/local_setup.sh'
[1.968s] INFO:colcon.colcon_core.shell:Creating prefix util module '/home/omerb/garp9_ws/install/_local_setup_util_sh.py'
[1.969s] INFO:colcon.colcon_core.shell:Creating prefix chain script '/home/omerb/garp9_ws/install/setup.sh'
[1.970s] INFO:colcon.colcon_core.shell:Creating prefix script '/home/omerb/garp9_ws/install/local_setup.bash'
[1.971s] INFO:colcon.colcon_core.shell:Creating prefix chain script '/home/omerb/garp9_ws/install/setup.bash'
[1.972s] INFO:colcon.colcon_core.shell:Creating prefix script '/home/omerb/garp9_ws/install/local_setup.zsh'
[1.972s] INFO:colcon.colcon_core.shell:Creating prefix chain script '/home/omerb/garp9_ws/install/setup.zsh'
