[0.767s] Invoking command in '/home/omerb/garp9_ws/src/garp_tools': DEBUGINFOD_URLS=https://debuginfod.ubuntu.com PS1=\[\e]0;\u@\h: \w\a\]${debian_chroot:+($debian_chroot)}\[\033[01;32m\]\u@\h\[\033[00m\]:\[\033[01;34m\]\w\[\033[00m\]\$ PYTHONPATH=/home/omerb/garp9_ws/build/garp_tools/prefix_override:/usr/lib/python3/dist-packages/colcon_core/task/python/colcon_distutils_commands:/home/omerb/garp9_ws/install/garp_tools/lib/python3.12/site-packages:${PYTHONPATH} VIRTUAL_ENV_PROMPT=(venv-ardupilot) /usr/bin/python3 -W ignore:setup.py install is deprecated -W ignore:easy_install command is deprecated setup.py egg_info --egg-base ../../build/garp_tools build --build-base /home/omerb/garp9_ws/build/garp_tools/build install --record /home/omerb/garp9_ws/build/garp_tools/install.log --single-version-externally-managed install_data
[1.026s] running egg_info
[1.026s] creating ../../build/garp_tools/garp_tools.egg-info
[1.039s] writing ../../build/garp_tools/garp_tools.egg-info/PKG-INFO
[1.039s] writing dependency_links to ../../build/garp_tools/garp_tools.egg-info/dependency_links.txt
[1.039s] writing entry points to ../../build/garp_tools/garp_tools.egg-info/entry_points.txt
[1.039s] writing requirements to ../../build/garp_tools/garp_tools.egg-info/requires.txt
[1.039s] writing top-level names to ../../build/garp_tools/garp_tools.egg-info/top_level.txt
[1.039s] writing manifest file '../../build/garp_tools/garp_tools.egg-info/SOURCES.txt'
[1.065s] reading manifest file '../../build/garp_tools/garp_tools.egg-info/SOURCES.txt'
[1.066s] writing manifest file '../../build/garp_tools/garp_tools.egg-info/SOURCES.txt'
[1.066s] running build
[1.066s] running build_py
[1.066s] creating /home/omerb/garp9_ws/build/garp_tools/build
[1.066s] creating /home/omerb/garp9_ws/build/garp_tools/build/lib
[1.066s] creating /home/omerb/garp9_ws/build/garp_tools/build/lib/garp_tools
[1.066s] copying garp_tools/__init__.py -> /home/omerb/garp9_ws/build/garp_tools/build/lib/garp_tools
[1.066s] copying garp_tools/teleop_keyboard.py -> /home/omerb/garp9_ws/build/garp_tools/build/lib/garp_tools
[1.066s] copying garp_tools/odom_to_tf.py -> /home/omerb/garp9_ws/build/garp_tools/build/lib/garp_tools
[1.067s] running install
[1.071s] running install_lib
[1.084s] creating /home/omerb/garp9_ws/install/garp_tools/lib/python3.12/site-packages/garp_tools
[1.085s] copying /home/omerb/garp9_ws/build/garp_tools/build/lib/garp_tools/__init__.py -> /home/omerb/garp9_ws/install/garp_tools/lib/python3.12/site-packages/garp_tools
[1.085s] copying /home/omerb/garp9_ws/build/garp_tools/build/lib/garp_tools/teleop_keyboard.py -> /home/omerb/garp9_ws/install/garp_tools/lib/python3.12/site-packages/garp_tools
[1.085s] copying /home/omerb/garp9_ws/build/garp_tools/build/lib/garp_tools/odom_to_tf.py -> /home/omerb/garp9_ws/install/garp_tools/lib/python3.12/site-packages/garp_tools
[1.085s] byte-compiling /home/omerb/garp9_ws/install/garp_tools/lib/python3.12/site-packages/garp_tools/__init__.py to __init__.cpython-312.pyc
[1.085s] byte-compiling /home/omerb/garp9_ws/install/garp_tools/lib/python3.12/site-packages/garp_tools/teleop_keyboard.py to teleop_keyboard.cpython-312.pyc
[1.086s] byte-compiling /home/omerb/garp9_ws/install/garp_tools/lib/python3.12/site-packages/garp_tools/odom_to_tf.py to odom_to_tf.cpython-312.pyc
[1.087s] running install_data
[1.087s] creating /home/omerb/garp9_ws/install/garp_tools/share/ament_index
[1.087s] creating /home/omerb/garp9_ws/install/garp_tools/share/ament_index/resource_index
[1.087s] creating /home/omerb/garp9_ws/install/garp_tools/share/ament_index/resource_index/packages
[1.087s] copying resource/garp_tools -> /home/omerb/garp9_ws/install/garp_tools/share/ament_index/resource_index/packages
[1.087s] copying package.xml -> /home/omerb/garp9_ws/install/garp_tools/share/garp_tools
[1.087s] running install_egg_info
[1.103s] Copying ../../build/garp_tools/garp_tools.egg-info to /home/omerb/garp9_ws/install/garp_tools/lib/python3.12/site-packages/garp_tools-0.0.0-py3.12.egg-info
[1.104s] running install_scripts
[1.201s] Installing odom_to_tf script to /home/omerb/garp9_ws/install/garp_tools/lib/garp_tools
[1.201s] Installing teleop_keyboard script to /home/omerb/garp9_ws/install/garp_tools/lib/garp_tools
[1.201s] writing list of installed files to '/home/omerb/garp9_ws/build/garp_tools/install.log'
[1.218s] Invoked command in '/home/omerb/garp9_ws/src/garp_tools' returned '0': DEBUGINFOD_URLS=https://debuginfod.ubuntu.com PS1=\[\e]0;\u@\h: \w\a\]${debian_chroot:+($debian_chroot)}\[\033[01;32m\]\u@\h\[\033[00m\]:\[\033[01;34m\]\w\[\033[00m\]\$ PYTHONPATH=/home/omerb/garp9_ws/build/garp_tools/prefix_override:/usr/lib/python3/dist-packages/colcon_core/task/python/colcon_distutils_commands:/home/omerb/garp9_ws/install/garp_tools/lib/python3.12/site-packages:${PYTHONPATH} VIRTUAL_ENV_PROMPT=(venv-ardupilot) /usr/bin/python3 -W ignore:setup.py install is deprecated -W ignore:easy_install command is deprecated setup.py egg_info --egg-base ../../build/garp_tools build --build-base /home/omerb/garp9_ws/build/garp_tools/build install --record /home/omerb/garp9_ws/build/garp_tools/install.log --single-version-externally-managed install_data
