[0.013s] Invoking command in '/home/omerb/garp9_ws/build/garp_simulate': CMAKE_PREFIX_PATH=${CMAKE_PREFIX_PATH}:/home/omerb/garp7_ws/install/garp_tools:/opt/ros/jazzy DEBUGINFOD_URLS=https://debuginfod.ubuntu.com PS1=\[\e]0;\u@\h: \w\a\]${debian_chroot:+($debian_chroot)}\[\033[01;32m\]\u@\h\[\033[00m\]:\[\033[01;34m\]\w\[\033[00m\]\$ VIRTUAL_ENV_PROMPT=(venv-ardupilot) /usr/bin/cmake /home/omerb/garp9_ws/src/garp_simulate -DCMAKE_INSTALL_PREFIX=/home/omerb/garp9_ws/install/garp_simulate
[0.079s] -- The C compiler identification is GNU 13.3.0
[0.146s] -- The CXX compiler identification is GNU 13.3.0
[0.172s] -- Detecting C compiler ABI info
[0.266s] -- Detecting C compiler ABI info - done
[0.276s] -- Check for working C compiler: /usr/lib/ccache/cc - skipped
[0.276s] -- Detecting C compile features
[0.276s] -- Detecting C compile features - done
[0.291s] -- Detecting CXX compiler ABI info
[0.394s] -- Detecting CXX compiler ABI info - done
[0.405s] -- Check for working CXX compiler: /usr/lib/ccache/c++ - skipped
[0.405s] -- Detecting CXX compile features
[0.406s] -- Detecting CXX compile features - done
[0.411s] -- Found ament_cmake: 2.5.4 (/opt/ros/jazzy/share/ament_cmake/cmake)
[0.562s] -- Found Python3: /home/omerb/venv-ardupilot/bin/python3 (found version "3.12.3") found components: Interpreter 
[0.675s] -- Found ament_lint_auto: 0.17.3 (/opt/ros/jazzy/share/ament_lint_auto/cmake)
[0.829s] -- Added test 'flake8' to check Python code syntax and style conventions
[0.829s] -- Configured 'flake8' exclude dirs and/or files: 
[0.830s] -- Added test 'lint_cmake' to check CMake code style
[0.831s] -- Added test 'pep257' to check Python code against some of the docstring style conventions in PEP 257
[0.832s] -- Added test 'xmllint' to check XML markup files
[0.834s] -- Configuring done (0.8s)
[0.836s] -- Generating done (0.0s)
[0.838s] -- Build files have been written to: /home/omerb/garp9_ws/build/garp_simulate
[0.843s] Invoked command in '/home/omerb/garp9_ws/build/garp_simulate' returned '0': CMAKE_PREFIX_PATH=${CMAKE_PREFIX_PATH}:/home/omerb/garp7_ws/install/garp_tools:/opt/ros/jazzy DEBUGINFOD_URLS=https://debuginfod.ubuntu.com PS1=\[\e]0;\u@\h: \w\a\]${debian_chroot:+($debian_chroot)}\[\033[01;32m\]\u@\h\[\033[00m\]:\[\033[01;34m\]\w\[\033[00m\]\$ VIRTUAL_ENV_PROMPT=(venv-ardupilot) /usr/bin/cmake /home/omerb/garp9_ws/src/garp_simulate -DCMAKE_INSTALL_PREFIX=/home/omerb/garp9_ws/install/garp_simulate
[0.845s] Invoking command in '/home/omerb/garp9_ws/build/garp_simulate': CMAKE_PREFIX_PATH=${CMAKE_PREFIX_PATH}:/home/omerb/garp7_ws/install/garp_tools:/opt/ros/jazzy DEBUGINFOD_URLS=https://debuginfod.ubuntu.com PS1=\[\e]0;\u@\h: \w\a\]${debian_chroot:+($debian_chroot)}\[\033[01;32m\]\u@\h\[\033[00m\]:\[\033[01;34m\]\w\[\033[00m\]\$ VIRTUAL_ENV_PROMPT=(venv-ardupilot) /usr/bin/cmake --build /home/omerb/garp9_ws/build/garp_simulate -- -j16 -l16
[0.910s] Invoked command in '/home/omerb/garp9_ws/build/garp_simulate' returned '0': CMAKE_PREFIX_PATH=${CMAKE_PREFIX_PATH}:/home/omerb/garp7_ws/install/garp_tools:/opt/ros/jazzy DEBUGINFOD_URLS=https://debuginfod.ubuntu.com PS1=\[\e]0;\u@\h: \w\a\]${debian_chroot:+($debian_chroot)}\[\033[01;32m\]\u@\h\[\033[00m\]:\[\033[01;34m\]\w\[\033[00m\]\$ VIRTUAL_ENV_PROMPT=(venv-ardupilot) /usr/bin/cmake --build /home/omerb/garp9_ws/build/garp_simulate -- -j16 -l16
[0.912s] Invoking command in '/home/omerb/garp9_ws/build/garp_simulate': CMAKE_PREFIX_PATH=${CMAKE_PREFIX_PATH}:/home/omerb/garp7_ws/install/garp_tools:/opt/ros/jazzy DEBUGINFOD_URLS=https://debuginfod.ubuntu.com PS1=\[\e]0;\u@\h: \w\a\]${debian_chroot:+($debian_chroot)}\[\033[01;32m\]\u@\h\[\033[00m\]:\[\033[01;34m\]\w\[\033[00m\]\$ VIRTUAL_ENV_PROMPT=(venv-ardupilot) /usr/bin/cmake --install /home/omerb/garp9_ws/build/garp_simulate
[0.921s] -- Install configuration: ""
[0.921s] -- Installing: /home/omerb/garp9_ws/install/garp_simulate/share/garp_simulate//launch
[0.921s] -- Installing: /home/omerb/garp9_ws/install/garp_simulate/share/garp_simulate//launch/slam.launch.py
[0.921s] -- Installing: /home/omerb/garp9_ws/install/garp_simulate/share/garp_simulate//launch/my_world.launch.py
[0.922s] -- Installing: /home/omerb/garp9_ws/install/garp_simulate/share/garp_simulate//config
[0.922s] -- Installing: /home/omerb/garp9_ws/install/garp_simulate/share/garp_simulate//config/gz_bridge.yaml
[0.922s] -- Installing: /home/omerb/garp9_ws/install/garp_simulate/share/garp_simulate//config/stb_mapping.yaml
[0.922s] -- Installing: /home/omerb/garp9_ws/install/garp_simulate/share/garp_simulate//config/mapping.rviz
[0.922s] -- Installing: /home/omerb/garp9_ws/install/garp_simulate/share/garp_simulate//config/nav2_params.yaml
[0.922s] -- Installing: /home/omerb/garp9_ws/install/garp_simulate/share/garp_simulate//config/stb_localization.yaml
[0.922s] -- Installing: /home/omerb/garp9_ws/install/garp_simulate/share/garp_simulate//config/base.rviz
[0.922s] -- Installing: /home/omerb/garp9_ws/install/garp_simulate/share/garp_simulate//config/navigation.rviz
[0.922s] -- Installing: /home/omerb/garp9_ws/install/garp_simulate/share/garp_simulate//worlds
[0.922s] -- Installing: /home/omerb/garp9_ws/install/garp_simulate/share/garp_simulate//worlds/my_world.sdf
[0.922s] -- Installing: /home/omerb/garp9_ws/install/garp_simulate/share/garp_simulate//worlds/in_my_house.sdf
[0.923s] -- Installing: /home/omerb/garp9_ws/install/garp_simulate/share/garp_simulate//models
[0.923s] -- Installing: /home/omerb/garp9_ws/install/garp_simulate/share/garp_simulate//models/my_house
[0.923s] -- Installing: /home/omerb/garp9_ws/install/garp_simulate/share/garp_simulate//models/my_house/model.sdf
[0.923s] -- Installing: /home/omerb/garp9_ws/install/garp_simulate/share/garp_simulate//models/my_house/model.config
[0.923s] -- Installing: /home/omerb/garp9_ws/install/garp_simulate/share/garp_simulate//models/my_model
[0.923s] -- Installing: /home/omerb/garp9_ws/install/garp_simulate/share/garp_simulate//models/my_model/model.sdf
[0.923s] -- Installing: /home/omerb/garp9_ws/install/garp_simulate/share/garp_simulate//models/my_model/model.config
[0.924s] -- Installing: /home/omerb/garp9_ws/install/garp_simulate/share/ament_index/resource_index/package_run_dependencies/garp_simulate
[0.924s] -- Installing: /home/omerb/garp9_ws/install/garp_simulate/share/ament_index/resource_index/parent_prefix_path/garp_simulate
[0.924s] -- Installing: /home/omerb/garp9_ws/install/garp_simulate/share/garp_simulate/environment/ament_prefix_path.sh
[0.924s] -- Installing: /home/omerb/garp9_ws/install/garp_simulate/share/garp_simulate/environment/ament_prefix_path.dsv
[0.924s] -- Installing: /home/omerb/garp9_ws/install/garp_simulate/share/garp_simulate/environment/path.sh
[0.924s] -- Installing: /home/omerb/garp9_ws/install/garp_simulate/share/garp_simulate/environment/path.dsv
[0.924s] -- Installing: /home/omerb/garp9_ws/install/garp_simulate/share/garp_simulate/local_setup.bash
[0.925s] -- Installing: /home/omerb/garp9_ws/install/garp_simulate/share/garp_simulate/local_setup.sh
[0.925s] -- Installing: /home/omerb/garp9_ws/install/garp_simulate/share/garp_simulate/local_setup.zsh
[0.925s] -- Installing: /home/omerb/garp9_ws/install/garp_simulate/share/garp_simulate/local_setup.dsv
[0.925s] -- Installing: /home/omerb/garp9_ws/install/garp_simulate/share/garp_simulate/package.dsv
[0.925s] -- Installing: /home/omerb/garp9_ws/install/garp_simulate/share/ament_index/resource_index/packages/garp_simulate
[0.925s] -- Installing: /home/omerb/garp9_ws/install/garp_simulate/share/garp_simulate/cmake/garp_simulateConfig.cmake
[0.925s] -- Installing: /home/omerb/garp9_ws/install/garp_simulate/share/garp_simulate/cmake/garp_simulateConfig-version.cmake
[0.926s] -- Installing: /home/omerb/garp9_ws/install/garp_simulate/share/garp_simulate/package.xml
[0.928s] Invoked command in '/home/omerb/garp9_ws/build/garp_simulate' returned '0': CMAKE_PREFIX_PATH=${CMAKE_PREFIX_PATH}:/home/omerb/garp7_ws/install/garp_tools:/opt/ros/jazzy DEBUGINFOD_URLS=https://debuginfod.ubuntu.com PS1=\[\e]0;\u@\h: \w\a\]${debian_chroot:+($debian_chroot)}\[\033[01;32m\]\u@\h\[\033[00m\]:\[\033[01;34m\]\w\[\033[00m\]\$ VIRTUAL_ENV_PROMPT=(venv-ardupilot) /usr/bin/cmake --install /home/omerb/garp9_ws/build/garp_simulate
