[0.014s] Invoking command in '/home/omerb/garp2_ws/build/garp_description': CMAKE_PREFIX_PATH=${CMAKE_PREFIX_PATH}:/opt/ros/jazzy DEBUGINFOD_URLS=https://debuginfod.ubuntu.com PS1=\[\e]0;\u@\h: \w\a\]${debian_chroot:+($debian_chroot)}\[\033[01;32m\]\u@\h\[\033[00m\]:\[\033[01;34m\]\w\[\033[00m\]\$ VIRTUAL_ENV_PROMPT=(venv-ardupilot) /usr/bin/cmake --build /home/omerb/garp2_ws/build/garp_description -- -j16 -l16
[0.038s] -- Found ament_cmake: 2.5.4 (/opt/ros/jazzy/share/ament_cmake/cmake)
[0.213s] -- Found ament_lint_auto: 0.17.3 (/opt/ros/jazzy/share/ament_lint_auto/cmake)
[0.287s] -- Added test 'flake8' to check Python code syntax and style conventions
[0.287s] -- Configured 'flake8' exclude dirs and/or files: 
[0.288s] -- Added test 'lint_cmake' to check CMake code style
[0.288s] -- Added test 'pep257' to check Python code against some of the docstring style conventions in PEP 257
[0.288s] -- Added test 'xmllint' to check XML markup files
[0.289s] -- Configuring done (0.3s)
[0.291s] -- Generating done (0.0s)
[0.292s] -- Build files have been written to: /home/omerb/garp2_ws/build/garp_description
[0.314s] Invoked command in '/home/omerb/garp2_ws/build/garp_description' returned '0': CMAKE_PREFIX_PATH=${CMAKE_PREFIX_PATH}:/opt/ros/jazzy DEBUGINFOD_URLS=https://debuginfod.ubuntu.com PS1=\[\e]0;\u@\h: \w\a\]${debian_chroot:+($debian_chroot)}\[\033[01;32m\]\u@\h\[\033[00m\]:\[\033[01;34m\]\w\[\033[00m\]\$ VIRTUAL_ENV_PROMPT=(venv-ardupilot) /usr/bin/cmake --build /home/omerb/garp2_ws/build/garp_description -- -j16 -l16
[0.325s] Invoking command in '/home/omerb/garp2_ws/build/garp_description': CMAKE_PREFIX_PATH=${CMAKE_PREFIX_PATH}:/opt/ros/jazzy DEBUGINFOD_URLS=https://debuginfod.ubuntu.com PS1=\[\e]0;\u@\h: \w\a\]${debian_chroot:+($debian_chroot)}\[\033[01;32m\]\u@\h\[\033[00m\]:\[\033[01;34m\]\w\[\033[00m\]\$ VIRTUAL_ENV_PROMPT=(venv-ardupilot) /usr/bin/cmake --install /home/omerb/garp2_ws/build/garp_description
[0.333s] -- Install configuration: ""
[0.333s] -- Up-to-date: /home/omerb/garp2_ws/install/garp_description/share/garp_description/launch
[0.333s] -- Installing: /home/omerb/garp2_ws/install/garp_description/share/garp_description/launch/display.launch.py
[0.333s] -- Up-to-date: /home/omerb/garp2_ws/install/garp_description/share/garp_description/urdf
[0.334s] -- Up-to-date: /home/omerb/garp2_ws/install/garp_description/share/garp_description/urdf/main.urdf.xacro
[0.334s] -- Up-to-date: /home/omerb/garp2_ws/install/garp_description/share/garp_description/urdf/wheels.urdf.xacro
[0.334s] -- Installing: /home/omerb/garp2_ws/install/garp_description/share/garp_description/config
[0.334s] -- Installing: /home/omerb/garp2_ws/install/garp_description/share/garp_description/config/gz_bridge.yaml
[0.334s] -- Installing: /home/omerb/garp2_ws/install/garp_description/share/garp_description/config/g_plugins.urdf.xacro
[0.334s] -- Up-to-date: /home/omerb/garp2_ws/install/garp_description/share/ament_index/resource_index/package_run_dependencies/garp_description
[0.334s] -- Installing: /home/omerb/garp2_ws/install/garp_description/share/ament_index/resource_index/parent_prefix_path/garp_description
[0.335s] -- Up-to-date: /home/omerb/garp2_ws/install/garp_description/share/garp_description/environment/ament_prefix_path.sh
[0.335s] -- Up-to-date: /home/omerb/garp2_ws/install/garp_description/share/garp_description/environment/ament_prefix_path.dsv
[0.336s] -- Up-to-date: /home/omerb/garp2_ws/install/garp_description/share/garp_description/environment/path.sh
[0.336s] -- Up-to-date: /home/omerb/garp2_ws/install/garp_description/share/garp_description/environment/path.dsv
[0.336s] -- Up-to-date: /home/omerb/garp2_ws/install/garp_description/share/garp_description/local_setup.bash
[0.336s] -- Up-to-date: /home/omerb/garp2_ws/install/garp_description/share/garp_description/local_setup.sh
[0.336s] -- Up-to-date: /home/omerb/garp2_ws/install/garp_description/share/garp_description/local_setup.zsh
[0.336s] -- Up-to-date: /home/omerb/garp2_ws/install/garp_description/share/garp_description/local_setup.dsv
[0.336s] -- Installing: /home/omerb/garp2_ws/install/garp_description/share/garp_description/package.dsv
[0.336s] -- Up-to-date: /home/omerb/garp2_ws/install/garp_description/share/ament_index/resource_index/packages/garp_description
[0.336s] -- Up-to-date: /home/omerb/garp2_ws/install/garp_description/share/garp_description/cmake/garp_descriptionConfig.cmake
[0.336s] -- Up-to-date: /home/omerb/garp2_ws/install/garp_description/share/garp_description/cmake/garp_descriptionConfig-version.cmake
[0.336s] -- Up-to-date: /home/omerb/garp2_ws/install/garp_description/share/garp_description/package.xml
[0.336s] Invoked command in '/home/omerb/garp2_ws/build/garp_description' returned '0': CMAKE_PREFIX_PATH=${CMAKE_PREFIX_PATH}:/opt/ros/jazzy DEBUGINFOD_URLS=https://debuginfod.ubuntu.com PS1=\[\e]0;\u@\h: \w\a\]${debian_chroot:+($debian_chroot)}\[\033[01;32m\]\u@\h\[\033[00m\]:\[\033[01;34m\]\w\[\033[00m\]\$ VIRTUAL_ENV_PROMPT=(venv-ardupilot) /usr/bin/cmake --install /home/omerb/garp2_ws/build/garp_description
