-- Install configuration: ""
-- Execute custom install script
-- Up-to-date symlink: /home/omerb/garp9_ws/install/garp_simulate/share/garp_simulate//launch/my_world.launch.py
-- Up-to-date symlink: /home/omerb/garp9_ws/install/garp_simulate/share/garp_simulate//launch/slam.launch.py
-- Up-to-date symlink: /home/omerb/garp9_ws/install/garp_simulate/share/garp_simulate//config/base.rviz
-- Up-to-date symlink: /home/omerb/garp9_ws/install/garp_simulate/share/garp_simulate//config/gz_bridge.yaml
-- Up-to-date symlink: /home/omerb/garp9_ws/install/garp_simulate/share/garp_simulate//config/mapping.rviz
-- Up-to-date symlink: /home/omerb/garp9_ws/install/garp_simulate/share/garp_simulate//config/stb_localization.yaml
-- Up-to-date symlink: /home/omerb/garp9_ws/install/garp_simulate/share/garp_simulate//config/stb_mapping.yaml
-- Up-to-date symlink: /home/omerb/garp9_ws/install/garp_simulate/share/garp_simulate//worlds/in_my_house.sdf
-- Up-to-date symlink: /home/omerb/garp9_ws/install/garp_simulate/share/garp_simulate//worlds/my_world.sdf
-- Up-to-date symlink: /home/omerb/garp9_ws/install/garp_simulate/share/garp_simulate//models/my_house/model.config
-- Up-to-date symlink: /home/omerb/garp9_ws/install/garp_simulate/share/garp_simulate//models/my_house/model.sdf
-- Up-to-date symlink: /home/omerb/garp9_ws/install/garp_simulate/share/garp_simulate//models/my_model/model.config
-- Up-to-date symlink: /home/omerb/garp9_ws/install/garp_simulate/share/garp_simulate//models/my_model/model.sdf
-- Up-to-date symlink: /home/omerb/garp9_ws/install/garp_simulate/share/ament_index/resource_index/package_run_dependencies/garp_simulate
-- Up-to-date symlink: /home/omerb/garp9_ws/install/garp_simulate/share/ament_index/resource_index/parent_prefix_path/garp_simulate
-- Up-to-date symlink: /home/omerb/garp9_ws/install/garp_simulate/share/garp_simulate/environment/ament_prefix_path.sh
-- Up-to-date symlink: /home/omerb/garp9_ws/install/garp_simulate/share/garp_simulate/environment/ament_prefix_path.dsv
-- Up-to-date symlink: /home/omerb/garp9_ws/install/garp_simulate/share/garp_simulate/environment/path.sh
-- Up-to-date symlink: /home/omerb/garp9_ws/install/garp_simulate/share/garp_simulate/environment/path.dsv
-- Up-to-date symlink: /home/omerb/garp9_ws/install/garp_simulate/share/garp_simulate/local_setup.bash
-- Up-to-date symlink: /home/omerb/garp9_ws/install/garp_simulate/share/garp_simulate/local_setup.sh
-- Up-to-date symlink: /home/omerb/garp9_ws/install/garp_simulate/share/garp_simulate/local_setup.zsh
-- Up-to-date symlink: /home/omerb/garp9_ws/install/garp_simulate/share/garp_simulate/local_setup.dsv
-- Symlinking: /home/omerb/garp9_ws/install/garp_simulate/share/garp_simulate/package.dsv
-- Up-to-date symlink: /home/omerb/garp9_ws/install/garp_simulate/share/ament_index/resource_index/packages/garp_simulate
-- Up-to-date symlink: /home/omerb/garp9_ws/install/garp_simulate/share/garp_simulate/cmake/garp_simulateConfig.cmake
-- Up-to-date symlink: /home/omerb/garp9_ws/install/garp_simulate/share/garp_simulate/cmake/garp_simulateConfig-version.cmake
-- Up-to-date symlink: /home/omerb/garp9_ws/install/garp_simulate/share/garp_simulate/package.xml
