[1.678s] Invoking command in '/home/omerb/garp4_ws/src/garp_tools': DEBUGINFOD_URLS=https://debuginfod.ubuntu.com PS1=(venv-ardupilot) PYTHONPATH=/home/omerb/garp4_ws/build/garp_tools/prefix_override:/usr/lib/python3/dist-packages/colcon_core/task/python/colcon_distutils_commands:/home/omerb/garp4_ws/install/garp_tools/lib/python3.12/site-packages:${PYTHONPATH} VIRTUAL_ENV_PROMPT=(venv-ardupilot) /usr/bin/python3 -W ignore:setup.py install is deprecated -W ignore:easy_install command is deprecated setup.py egg_info --egg-base ../../build/garp_tools build --build-base /home/omerb/garp4_ws/build/garp_tools/build install --record /home/omerb/garp4_ws/build/garp_tools/install.log --single-version-externally-managed install_data
[2.236s] running egg_info
[2.284s] writing ../../build/garp_tools/garp_tools.egg-info/PKG-INFO
[2.285s] writing dependency_links to ../../build/garp_tools/garp_tools.egg-info/dependency_links.txt
[2.286s] writing entry points to ../../build/garp_tools/garp_tools.egg-info/entry_points.txt
[2.289s] writing requirements to ../../build/garp_tools/garp_tools.egg-info/requires.txt
[2.289s] writing top-level names to ../../build/garp_tools/garp_tools.egg-info/top_level.txt
[2.388s] reading manifest file '../../build/garp_tools/garp_tools.egg-info/SOURCES.txt'
[2.390s] writing manifest file '../../build/garp_tools/garp_tools.egg-info/SOURCES.txt'
[2.391s] running build
[2.391s] running build_py
[2.391s] running install
[2.406s] running install_lib
[2.454s] running install_data
[2.455s] running install_egg_info
[2.497s] removing '/home/omerb/garp4_ws/install/garp_tools/lib/python3.12/site-packages/garp_tools-0.0.0-py3.12.egg-info' (and everything under it)
[2.497s] Copying ../../build/garp_tools/garp_tools.egg-info to /home/omerb/garp4_ws/install/garp_tools/lib/python3.12/site-packages/garp_tools-0.0.0-py3.12.egg-info
[2.498s] running install_scripts
[2.798s] Installing teleop_keyboard script to /home/omerb/garp4_ws/install/garp_tools/lib/garp_tools
[2.799s] writing list of installed files to '/home/omerb/garp4_ws/build/garp_tools/install.log'
[2.877s] Invoked command in '/home/omerb/garp4_ws/src/garp_tools' returned '0': DEBUGINFOD_URLS=https://debuginfod.ubuntu.com PS1=(venv-ardupilot) PYTHONPATH=/home/omerb/garp4_ws/build/garp_tools/prefix_override:/usr/lib/python3/dist-packages/colcon_core/task/python/colcon_distutils_commands:/home/omerb/garp4_ws/install/garp_tools/lib/python3.12/site-packages:${PYTHONPATH} VIRTUAL_ENV_PROMPT=(venv-ardupilot) /usr/bin/python3 -W ignore:setup.py install is deprecated -W ignore:easy_install command is deprecated setup.py egg_info --egg-base ../../build/garp_tools build --build-base /home/omerb/garp4_ws/build/garp_tools/build install --record /home/omerb/garp4_ws/build/garp_tools/install.log --single-version-externally-managed install_data
