[0.125s] DEBUG:colcon:Command line arguments: ['/usr/bin/colcon', 'build', '--symlink-install']
[0.125s] DEBUG:colcon:Parsed command line arguments: Namespace(log_base=None, log_level=None, verb_name='build', build_base='build', install_base='install', merge_install=False, symlink_install=True, test_result_base=None, continue_on_error=False, executor='parallel', parallel_workers=16, event_handlers=None, ignore_user_meta=False, metas=['./colcon.meta'], base_paths=['.'], packages_ignore=None, packages_ignore_regex=None, paths=None, packages_up_to=None, packages_up_to_regex=None, packages_above=None, packages_above_and_dependencies=None, packages_above_depth=None, packages_select_by_dep=None, packages_skip_by_dep=None, packages_skip_up_to=None, packages_select_build_failed=False, packages_skip_build_finished=False, packages_select_test_failures=False, packages_skip_test_passed=False, packages_select=None, packages_skip=None, packages_select_regex=None, packages_skip_regex=None, packages_start=None, packages_end=None, allow_overriding=[], cmake_args=None, cmake_target=None, cmake_target_skip_unavailable=False, cmake_clean_cache=False, cmake_clean_first=False, cmake_force_configure=False, ament_cmake_args=None, catkin_cmake_args=None, catkin_skip_building_tests=False, mixin_files=None, mixin=None, verb_parser=<colcon_mixin.mixin.mixin_argument.MixinArgumentDecorator object at 0x73f6d169cf20>, verb_extension=<colcon_core.verb.build.BuildVerb object at 0x73f6d17c57c0>, main=<bound method BuildVerb.main of <colcon_core.verb.build.BuildVerb object at 0x73f6d17c57c0>>, mixin_verb=('build',))
[0.182s] Level 1:colcon.colcon_core.package_discovery:discover_packages(colcon_meta) check parameters
[0.182s] Level 1:colcon.colcon_core.package_discovery:discover_packages(recursive) check parameters
[0.182s] Level 1:colcon.colcon_core.package_discovery:discover_packages(ignore) check parameters
[0.182s] Level 1:colcon.colcon_core.package_discovery:discover_packages(path) check parameters
[0.182s] Level 1:colcon.colcon_core.package_discovery:discover_packages(colcon_meta) discover
[0.183s] Level 1:colcon.colcon_core.package_discovery:discover_packages(recursive) discover
[0.183s] INFO:colcon.colcon_core.package_discovery:Crawling recursively for packages in '/home/omerb/garp9_ws'
[0.183s] Level 1:colcon.colcon_core.package_identification:_identify(.) by extensions ['ignore', 'ignore_ament_install']
[0.183s] Level 1:colcon.colcon_core.package_identification:_identify(.) by extension 'ignore'
[0.183s] Level 1:colcon.colcon_core.package_identification:_identify(.) by extension 'ignore_ament_install'
[0.183s] Level 1:colcon.colcon_core.package_identification:_identify(.) by extensions ['colcon_pkg']
[0.183s] Level 1:colcon.colcon_core.package_identification:_identify(.) by extension 'colcon_pkg'
[0.183s] Level 1:colcon.colcon_core.package_identification:_identify(.) by extensions ['colcon_meta']
[0.183s] Level 1:colcon.colcon_core.package_identification:_identify(.) by extension 'colcon_meta'
[0.183s] Level 1:colcon.colcon_core.package_identification:_identify(.) by extensions ['ros']
[0.183s] Level 1:colcon.colcon_core.package_identification:_identify(.) by extension 'ros'
[0.213s] Level 1:colcon.colcon_core.package_identification:_identify(.) by extensions ['cmake', 'python']
[0.213s] Level 1:colcon.colcon_core.package_identification:_identify(.) by extension 'cmake'
[0.213s] Level 1:colcon.colcon_core.package_identification:_identify(.) by extension 'python'
[0.213s] Level 1:colcon.colcon_core.package_identification:_identify(.) by extensions ['python_setup_py']
[0.213s] Level 1:colcon.colcon_core.package_identification:_identify(.) by extension 'python_setup_py'
[0.213s] Level 1:colcon.colcon_core.package_identification:_identify(build) by extensions ['ignore', 'ignore_ament_install']
[0.213s] Level 1:colcon.colcon_core.package_identification:_identify(build) by extension 'ignore'
[0.213s] Level 1:colcon.colcon_core.package_identification:_identify(build) ignored
[0.213s] Level 1:colcon.colcon_core.package_identification:_identify(install) by extensions ['ignore', 'ignore_ament_install']
[0.214s] Level 1:colcon.colcon_core.package_identification:_identify(install) by extension 'ignore'
[0.214s] Level 1:colcon.colcon_core.package_identification:_identify(install) ignored
[0.214s] Level 1:colcon.colcon_core.package_identification:_identify(log) by extensions ['ignore', 'ignore_ament_install']
[0.214s] Level 1:colcon.colcon_core.package_identification:_identify(log) by extension 'ignore'
[0.214s] Level 1:colcon.colcon_core.package_identification:_identify(log) ignored
[0.214s] Level 1:colcon.colcon_core.package_identification:_identify(src) by extensions ['ignore', 'ignore_ament_install']
[0.214s] Level 1:colcon.colcon_core.package_identification:_identify(src) by extension 'ignore'
[0.214s] Level 1:colcon.colcon_core.package_identification:_identify(src) by extension 'ignore_ament_install'
[0.214s] Level 1:colcon.colcon_core.package_identification:_identify(src) by extensions ['colcon_pkg']
[0.214s] Level 1:colcon.colcon_core.package_identification:_identify(src) by extension 'colcon_pkg'
[0.214s] Level 1:colcon.colcon_core.package_identification:_identify(src) by extensions ['colcon_meta']
[0.214s] Level 1:colcon.colcon_core.package_identification:_identify(src) by extension 'colcon_meta'
[0.214s] Level 1:colcon.colcon_core.package_identification:_identify(src) by extensions ['ros']
[0.214s] Level 1:colcon.colcon_core.package_identification:_identify(src) by extension 'ros'
[0.214s] Level 1:colcon.colcon_core.package_identification:_identify(src) by extensions ['cmake', 'python']
[0.214s] Level 1:colcon.colcon_core.package_identification:_identify(src) by extension 'cmake'
[0.214s] Level 1:colcon.colcon_core.package_identification:_identify(src) by extension 'python'
[0.214s] Level 1:colcon.colcon_core.package_identification:_identify(src) by extensions ['python_setup_py']
[0.214s] Level 1:colcon.colcon_core.package_identification:_identify(src) by extension 'python_setup_py'
[0.214s] Level 1:colcon.colcon_core.package_identification:_identify(src/garp_description) by extensions ['ignore', 'ignore_ament_install']
[0.215s] Level 1:colcon.colcon_core.package_identification:_identify(src/garp_description) by extension 'ignore'
[0.215s] Level 1:colcon.colcon_core.package_identification:_identify(src/garp_description) by extension 'ignore_ament_install'
[0.215s] Level 1:colcon.colcon_core.package_identification:_identify(src/garp_description) by extensions ['colcon_pkg']
[0.215s] Level 1:colcon.colcon_core.package_identification:_identify(src/garp_description) by extension 'colcon_pkg'
[0.215s] Level 1:colcon.colcon_core.package_identification:_identify(src/garp_description) by extensions ['colcon_meta']
[0.215s] Level 1:colcon.colcon_core.package_identification:_identify(src/garp_description) by extension 'colcon_meta'
[0.215s] Level 1:colcon.colcon_core.package_identification:_identify(src/garp_description) by extensions ['ros']
[0.215s] Level 1:colcon.colcon_core.package_identification:_identify(src/garp_description) by extension 'ros'
[0.217s] DEBUG:colcon.colcon_core.package_identification:Package 'src/garp_description' with type 'ros.ament_cmake' and name 'garp_description'
[0.217s] Level 1:colcon.colcon_core.package_identification:_identify(src/garp_simulate) by extensions ['ignore', 'ignore_ament_install']
[0.217s] Level 1:colcon.colcon_core.package_identification:_identify(src/garp_simulate) by extension 'ignore'
[0.218s] Level 1:colcon.colcon_core.package_identification:_identify(src/garp_simulate) by extension 'ignore_ament_install'
[0.218s] Level 1:colcon.colcon_core.package_identification:_identify(src/garp_simulate) by extensions ['colcon_pkg']
[0.218s] Level 1:colcon.colcon_core.package_identification:_identify(src/garp_simulate) by extension 'colcon_pkg'
[0.218s] Level 1:colcon.colcon_core.package_identification:_identify(src/garp_simulate) by extensions ['colcon_meta']
[0.218s] Level 1:colcon.colcon_core.package_identification:_identify(src/garp_simulate) by extension 'colcon_meta'
[0.218s] Level 1:colcon.colcon_core.package_identification:_identify(src/garp_simulate) by extensions ['ros']
[0.218s] Level 1:colcon.colcon_core.package_identification:_identify(src/garp_simulate) by extension 'ros'
[0.218s] DEBUG:colcon.colcon_core.package_identification:Package 'src/garp_simulate' with type 'ros.ament_cmake' and name 'garp_simulate'
[0.218s] Level 1:colcon.colcon_core.package_identification:_identify(src/garp_tools) by extensions ['ignore', 'ignore_ament_install']
[0.218s] Level 1:colcon.colcon_core.package_identification:_identify(src/garp_tools) by extension 'ignore'
[0.218s] Level 1:colcon.colcon_core.package_identification:_identify(src/garp_tools) by extension 'ignore_ament_install'
[0.218s] Level 1:colcon.colcon_core.package_identification:_identify(src/garp_tools) by extensions ['colcon_pkg']
[0.218s] Level 1:colcon.colcon_core.package_identification:_identify(src/garp_tools) by extension 'colcon_pkg'
[0.219s] Level 1:colcon.colcon_core.package_identification:_identify(src/garp_tools) by extensions ['colcon_meta']
[0.219s] Level 1:colcon.colcon_core.package_identification:_identify(src/garp_tools) by extension 'colcon_meta'
[0.219s] Level 1:colcon.colcon_core.package_identification:_identify(src/garp_tools) by extensions ['ros']
[0.219s] Level 1:colcon.colcon_core.package_identification:_identify(src/garp_tools) by extension 'ros'
[0.219s] DEBUG:colcon.colcon_core.package_identification:Package 'src/garp_tools' with type 'ros.ament_python' and name 'garp_tools'
[0.219s] Level 1:colcon.colcon_core.package_discovery:discover_packages(recursive) using defaults
[0.219s] Level 1:colcon.colcon_core.package_discovery:discover_packages(ignore) discover
[0.219s] Level 1:colcon.colcon_core.package_discovery:discover_packages(ignore) using defaults
[0.219s] Level 1:colcon.colcon_core.package_discovery:discover_packages(path) discover
[0.219s] Level 1:colcon.colcon_core.package_discovery:discover_packages(path) using defaults
[0.239s] Level 1:colcon.colcon_core.package_discovery:discover_packages(prefix_path) check parameters
[0.239s] Level 1:colcon.colcon_core.package_discovery:discover_packages(prefix_path) discover
[0.241s] DEBUG:colcon.colcon_installed_package_information.package_discovery:Found 1 installed packages in /home/omerb/ardupilot_gazebo/install
[0.243s] DEBUG:colcon.colcon_installed_package_information.package_discovery:Found 387 installed packages in /opt/ros/jazzy
[0.244s] Level 1:colcon.colcon_core.package_discovery:discover_packages(prefix_path) using defaults
[0.296s] Level 5:colcon.colcon_core.verb:set package 'garp_description' build argument 'cmake_args' from command line to 'None'
[0.296s] Level 5:colcon.colcon_core.verb:set package 'garp_description' build argument 'cmake_target' from command line to 'None'
[0.296s] Level 5:colcon.colcon_core.verb:set package 'garp_description' build argument 'cmake_target_skip_unavailable' from command line to 'False'
[0.296s] Level 5:colcon.colcon_core.verb:set package 'garp_description' build argument 'cmake_clean_cache' from command line to 'False'
[0.296s] Level 5:colcon.colcon_core.verb:set package 'garp_description' build argument 'cmake_clean_first' from command line to 'False'
[0.297s] Level 5:colcon.colcon_core.verb:set package 'garp_description' build argument 'cmake_force_configure' from command line to 'False'
[0.297s] Level 5:colcon.colcon_core.verb:set package 'garp_description' build argument 'ament_cmake_args' from command line to 'None'
[0.297s] Level 5:colcon.colcon_core.verb:set package 'garp_description' build argument 'catkin_cmake_args' from command line to 'None'
[0.297s] Level 5:colcon.colcon_core.verb:set package 'garp_description' build argument 'catkin_skip_building_tests' from command line to 'False'
[0.297s] DEBUG:colcon.colcon_core.verb:Building package 'garp_description' with the following arguments: {'ament_cmake_args': None, 'build_base': '/home/omerb/garp9_ws/build/garp_description', 'catkin_cmake_args': None, 'catkin_skip_building_tests': False, 'cmake_args': None, 'cmake_clean_cache': False, 'cmake_clean_first': False, 'cmake_force_configure': False, 'cmake_target': None, 'cmake_target_skip_unavailable': False, 'install_base': '/home/omerb/garp9_ws/install/garp_description', 'merge_install': False, 'path': '/home/omerb/garp9_ws/src/garp_description', 'symlink_install': True, 'test_result_base': None}
[0.297s] Level 5:colcon.colcon_core.verb:set package 'garp_simulate' build argument 'cmake_args' from command line to 'None'
[0.297s] Level 5:colcon.colcon_core.verb:set package 'garp_simulate' build argument 'cmake_target' from command line to 'None'
[0.298s] Level 5:colcon.colcon_core.verb:set package 'garp_simulate' build argument 'cmake_target_skip_unavailable' from command line to 'False'
[0.298s] Level 5:colcon.colcon_core.verb:set package 'garp_simulate' build argument 'cmake_clean_cache' from command line to 'False'
[0.298s] Level 5:colcon.colcon_core.verb:set package 'garp_simulate' build argument 'cmake_clean_first' from command line to 'False'
[0.298s] Level 5:colcon.colcon_core.verb:set package 'garp_simulate' build argument 'cmake_force_configure' from command line to 'False'
[0.298s] Level 5:colcon.colcon_core.verb:set package 'garp_simulate' build argument 'ament_cmake_args' from command line to 'None'
[0.298s] Level 5:colcon.colcon_core.verb:set package 'garp_simulate' build argument 'catkin_cmake_args' from command line to 'None'
[0.298s] Level 5:colcon.colcon_core.verb:set package 'garp_simulate' build argument 'catkin_skip_building_tests' from command line to 'False'
[0.298s] DEBUG:colcon.colcon_core.verb:Building package 'garp_simulate' with the following arguments: {'ament_cmake_args': None, 'build_base': '/home/omerb/garp9_ws/build/garp_simulate', 'catkin_cmake_args': None, 'catkin_skip_building_tests': False, 'cmake_args': None, 'cmake_clean_cache': False, 'cmake_clean_first': False, 'cmake_force_configure': False, 'cmake_target': None, 'cmake_target_skip_unavailable': False, 'install_base': '/home/omerb/garp9_ws/install/garp_simulate', 'merge_install': False, 'path': '/home/omerb/garp9_ws/src/garp_simulate', 'symlink_install': True, 'test_result_base': None}
[0.298s] Level 5:colcon.colcon_core.verb:set package 'garp_tools' build argument 'cmake_args' from command line to 'None'
[0.298s] Level 5:colcon.colcon_core.verb:set package 'garp_tools' build argument 'cmake_target' from command line to 'None'
[0.298s] Level 5:colcon.colcon_core.verb:set package 'garp_tools' build argument 'cmake_target_skip_unavailable' from command line to 'False'
[0.298s] Level 5:colcon.colcon_core.verb:set package 'garp_tools' build argument 'cmake_clean_cache' from command line to 'False'
[0.299s] Level 5:colcon.colcon_core.verb:set package 'garp_tools' build argument 'cmake_clean_first' from command line to 'False'
[0.299s] Level 5:colcon.colcon_core.verb:set package 'garp_tools' build argument 'cmake_force_configure' from command line to 'False'
[0.299s] Level 5:colcon.colcon_core.verb:set package 'garp_tools' build argument 'ament_cmake_args' from command line to 'None'
[0.299s] Level 5:colcon.colcon_core.verb:set package 'garp_tools' build argument 'catkin_cmake_args' from command line to 'None'
[0.299s] Level 5:colcon.colcon_core.verb:set package 'garp_tools' build argument 'catkin_skip_building_tests' from command line to 'False'
[0.299s] DEBUG:colcon.colcon_core.verb:Building package 'garp_tools' with the following arguments: {'ament_cmake_args': None, 'build_base': '/home/omerb/garp9_ws/build/garp_tools', 'catkin_cmake_args': None, 'catkin_skip_building_tests': False, 'cmake_args': None, 'cmake_clean_cache': False, 'cmake_clean_first': False, 'cmake_force_configure': False, 'cmake_target': None, 'cmake_target_skip_unavailable': False, 'install_base': '/home/omerb/garp9_ws/install/garp_tools', 'merge_install': False, 'path': '/home/omerb/garp9_ws/src/garp_tools', 'symlink_install': True, 'test_result_base': None}
[0.299s] INFO:colcon.colcon_core.executor:Executing jobs using 'parallel' executor
[0.300s] DEBUG:colcon.colcon_parallel_executor.executor.parallel:run_until_complete
[0.300s] INFO:colcon.colcon_ros.task.ament_cmake.build:Building ROS package in '/home/omerb/garp9_ws/src/garp_description' with build type 'ament_cmake'
[0.300s] INFO:colcon.colcon_cmake.task.cmake.build:Building CMake package in '/home/omerb/garp9_ws/src/garp_description'
[0.303s] INFO:colcon.colcon_core.plugin_system:Skipping extension 'colcon_core.shell.bat': Not used on non-Windows systems
[0.303s] INFO:colcon.colcon_core.shell:Skip shell extension 'powershell' for command environment: Not usable outside of PowerShell
[0.303s] DEBUG:colcon.colcon_core.shell:Skip shell extension 'dsv' for command environment
[0.307s] INFO:colcon.colcon_ros.task.ament_cmake.build:Building ROS package in '/home/omerb/garp9_ws/src/garp_simulate' with build type 'ament_cmake'
[0.308s] INFO:colcon.colcon_cmake.task.cmake.build:Building CMake package in '/home/omerb/garp9_ws/src/garp_simulate'
[0.308s] INFO:colcon.colcon_core.shell:Skip shell extension 'powershell' for command environment: Not usable outside of PowerShell
[0.308s] DEBUG:colcon.colcon_core.shell:Skip shell extension 'dsv' for command environment
[0.311s] INFO:colcon.colcon_ros.task.ament_python.build:Building ROS package in '/home/omerb/garp9_ws/src/garp_tools' with build type 'ament_python'
[0.312s] Level 1:colcon.colcon_core.shell:create_environment_hook('garp_tools', 'ament_prefix_path')
[0.312s] INFO:colcon.colcon_core.shell:Creating environment hook '/home/omerb/garp9_ws/install/garp_tools/share/garp_tools/hook/ament_prefix_path.ps1'
[0.313s] INFO:colcon.colcon_core.shell:Creating environment descriptor '/home/omerb/garp9_ws/install/garp_tools/share/garp_tools/hook/ament_prefix_path.dsv'
[0.314s] INFO:colcon.colcon_core.shell:Creating environment hook '/home/omerb/garp9_ws/install/garp_tools/share/garp_tools/hook/ament_prefix_path.sh'
[0.315s] INFO:colcon.colcon_core.shell:Skip shell extension 'powershell' for command environment: Not usable outside of PowerShell
[0.315s] DEBUG:colcon.colcon_core.shell:Skip shell extension 'dsv' for command environment
[0.322s] DEBUG:colcon.colcon_core.event_handler.log_command:Invoking command in '/home/omerb/garp9_ws/build/garp_description': CMAKE_PREFIX_PATH=${CMAKE_PREFIX_PATH}:/opt/ros/jazzy DEBUGINFOD_URLS=https://debuginfod.ubuntu.com PS1=(venv-ardupilot) VIRTUAL_ENV_PROMPT=(venv-ardupilot) /usr/bin/cmake /home/omerb/garp9_ws/src/garp_description -DAMENT_CMAKE_SYMLINK_INSTALL=1 -DCMAKE_INSTALL_PREFIX=/home/omerb/garp9_ws/install/garp_description
[0.357s] DEBUG:colcon.colcon_core.event_handler.log_command:Invoking command in '/home/omerb/garp9_ws/build/garp_simulate': CMAKE_PREFIX_PATH=${CMAKE_PREFIX_PATH}:/opt/ros/jazzy DEBUGINFOD_URLS=https://debuginfod.ubuntu.com PS1=(venv-ardupilot) VIRTUAL_ENV_PROMPT=(venv-ardupilot) /usr/bin/cmake /home/omerb/garp9_ws/src/garp_simulate -DAMENT_CMAKE_SYMLINK_INSTALL=1 -DCMAKE_INSTALL_PREFIX=/home/omerb/garp9_ws/install/garp_simulate
[0.593s] INFO:colcon.colcon_core.task.python.build:Building Python package in '/home/omerb/garp9_ws/src/garp_tools'
[0.593s] INFO:colcon.colcon_core.shell:Skip shell extension 'powershell' for command environment: Not usable outside of PowerShell
[0.593s] DEBUG:colcon.colcon_core.shell:Skip shell extension 'dsv' for command environment
[0.737s] DEBUG:colcon.colcon_core.event_handler.log_command:Invoked command in '/home/omerb/garp9_ws/build/garp_description' returned '0': CMAKE_PREFIX_PATH=${CMAKE_PREFIX_PATH}:/opt/ros/jazzy DEBUGINFOD_URLS=https://debuginfod.ubuntu.com PS1=(venv-ardupilot) VIRTUAL_ENV_PROMPT=(venv-ardupilot) /usr/bin/cmake /home/omerb/garp9_ws/src/garp_description -DAMENT_CMAKE_SYMLINK_INSTALL=1 -DCMAKE_INSTALL_PREFIX=/home/omerb/garp9_ws/install/garp_description
[0.738s] DEBUG:colcon.colcon_core.event_handler.log_command:Invoking command in '/home/omerb/garp9_ws/build/garp_description': CMAKE_PREFIX_PATH=${CMAKE_PREFIX_PATH}:/opt/ros/jazzy DEBUGINFOD_URLS=https://debuginfod.ubuntu.com PS1=(venv-ardupilot) VIRTUAL_ENV_PROMPT=(venv-ardupilot) /usr/bin/cmake --build /home/omerb/garp9_ws/build/garp_description -- -j16 -l16
[0.769s] DEBUG:colcon.colcon_core.event_handler.log_command:Invoked command in '/home/omerb/garp9_ws/build/garp_simulate' returned '0': CMAKE_PREFIX_PATH=${CMAKE_PREFIX_PATH}:/opt/ros/jazzy DEBUGINFOD_URLS=https://debuginfod.ubuntu.com PS1=(venv-ardupilot) VIRTUAL_ENV_PROMPT=(venv-ardupilot) /usr/bin/cmake /home/omerb/garp9_ws/src/garp_simulate -DAMENT_CMAKE_SYMLINK_INSTALL=1 -DCMAKE_INSTALL_PREFIX=/home/omerb/garp9_ws/install/garp_simulate
[0.770s] DEBUG:colcon.colcon_core.event_handler.log_command:Invoking command in '/home/omerb/garp9_ws/build/garp_simulate': CMAKE_PREFIX_PATH=${CMAKE_PREFIX_PATH}:/opt/ros/jazzy DEBUGINFOD_URLS=https://debuginfod.ubuntu.com PS1=(venv-ardupilot) VIRTUAL_ENV_PROMPT=(venv-ardupilot) /usr/bin/cmake --build /home/omerb/garp9_ws/build/garp_simulate -- -j16 -l16
[0.782s] DEBUG:colcon.colcon_core.event_handler.log_command:Invoked command in '/home/omerb/garp9_ws/build/garp_description' returned '0': CMAKE_PREFIX_PATH=${CMAKE_PREFIX_PATH}:/opt/ros/jazzy DEBUGINFOD_URLS=https://debuginfod.ubuntu.com PS1=(venv-ardupilot) VIRTUAL_ENV_PROMPT=(venv-ardupilot) /usr/bin/cmake --build /home/omerb/garp9_ws/build/garp_description -- -j16 -l16
[0.793s] DEBUG:colcon.colcon_core.event_handler.log_command:Invoking command in '/home/omerb/garp9_ws/build/garp_description': CMAKE_PREFIX_PATH=${CMAKE_PREFIX_PATH}:/opt/ros/jazzy DEBUGINFOD_URLS=https://debuginfod.ubuntu.com PS1=(venv-ardupilot) VIRTUAL_ENV_PROMPT=(venv-ardupilot) /usr/bin/cmake --install /home/omerb/garp9_ws/build/garp_description
[0.814s] DEBUG:colcon.colcon_core.event_handler.log_command:Invoked command in '/home/omerb/garp9_ws/build/garp_simulate' returned '0': CMAKE_PREFIX_PATH=${CMAKE_PREFIX_PATH}:/opt/ros/jazzy DEBUGINFOD_URLS=https://debuginfod.ubuntu.com PS1=(venv-ardupilot) VIRTUAL_ENV_PROMPT=(venv-ardupilot) /usr/bin/cmake --build /home/omerb/garp9_ws/build/garp_simulate -- -j16 -l16
[0.815s] DEBUG:colcon.colcon_core.event_handler.log_command:Invoking command in '/home/omerb/garp9_ws/build/garp_simulate': CMAKE_PREFIX_PATH=${CMAKE_PREFIX_PATH}:/opt/ros/jazzy DEBUGINFOD_URLS=https://debuginfod.ubuntu.com PS1=(venv-ardupilot) VIRTUAL_ENV_PROMPT=(venv-ardupilot) /usr/bin/cmake --install /home/omerb/garp9_ws/build/garp_simulate
[1.031s] Level 1:colcon.colcon_core.environment:create_environment_scripts_only(garp_description)
[1.032s] DEBUG:colcon.colcon_core.event_handler.log_command:Invoked command in '/home/omerb/garp9_ws/build/garp_description' returned '0': CMAKE_PREFIX_PATH=${CMAKE_PREFIX_PATH}:/opt/ros/jazzy DEBUGINFOD_URLS=https://debuginfod.ubuntu.com PS1=(venv-ardupilot) VIRTUAL_ENV_PROMPT=(venv-ardupilot) /usr/bin/cmake --install /home/omerb/garp9_ws/build/garp_description
[1.035s] Level 1:colcon.colcon_core.environment:checking '/home/omerb/garp9_ws/install/garp_description' for CMake module files
[1.036s] Level 1:colcon.colcon_core.environment:checking '/home/omerb/garp9_ws/install/garp_description' for CMake config files
[1.036s] Level 1:colcon.colcon_core.shell:create_environment_hook('garp_description', 'cmake_prefix_path')
[1.036s] INFO:colcon.colcon_core.shell:Creating environment hook '/home/omerb/garp9_ws/install/garp_description/share/garp_description/hook/cmake_prefix_path.ps1'
[1.037s] INFO:colcon.colcon_core.shell:Creating environment descriptor '/home/omerb/garp9_ws/install/garp_description/share/garp_description/hook/cmake_prefix_path.dsv'
[1.037s] INFO:colcon.colcon_core.shell:Creating environment hook '/home/omerb/garp9_ws/install/garp_description/share/garp_description/hook/cmake_prefix_path.sh'
[1.038s] Level 1:colcon.colcon_core.environment:checking '/home/omerb/garp9_ws/install/garp_description/bin'
[1.038s] Level 1:colcon.colcon_core.environment:checking '/home/omerb/garp9_ws/install/garp_description/lib/pkgconfig/garp_description.pc'
[1.038s] Level 1:colcon.colcon_core.environment:checking '/home/omerb/garp9_ws/install/garp_description/lib/python3.12/site-packages'
[1.039s] Level 1:colcon.colcon_core.environment:checking '/home/omerb/garp9_ws/install/garp_description/bin'
[1.039s] INFO:colcon.colcon_core.shell:Creating package script '/home/omerb/garp9_ws/install/garp_description/share/garp_description/package.ps1'
[1.040s] INFO:colcon.colcon_core.shell:Creating package descriptor '/home/omerb/garp9_ws/install/garp_description/share/garp_description/package.dsv'
[1.040s] INFO:colcon.colcon_core.shell:Creating package script '/home/omerb/garp9_ws/install/garp_description/share/garp_description/package.sh'
[1.041s] INFO:colcon.colcon_core.shell:Creating package script '/home/omerb/garp9_ws/install/garp_description/share/garp_description/package.bash'
[1.042s] INFO:colcon.colcon_core.shell:Creating package script '/home/omerb/garp9_ws/install/garp_description/share/garp_description/package.zsh'
[1.042s] Level 1:colcon.colcon_core.environment:create_file_with_runtime_dependencies(/home/omerb/garp9_ws/install/garp_description/share/colcon-core/packages/garp_description)
[1.043s] Level 1:colcon.colcon_core.environment:create_environment_scripts_only(garp_description)
[1.043s] Level 1:colcon.colcon_core.environment:checking '/home/omerb/garp9_ws/install/garp_description' for CMake module files
[1.043s] Level 1:colcon.colcon_core.environment:checking '/home/omerb/garp9_ws/install/garp_description' for CMake config files
[1.044s] Level 1:colcon.colcon_core.shell:create_environment_hook('garp_description', 'cmake_prefix_path')
[1.044s] INFO:colcon.colcon_core.shell:Creating environment hook '/home/omerb/garp9_ws/install/garp_description/share/garp_description/hook/cmake_prefix_path.ps1'
[1.044s] INFO:colcon.colcon_core.shell:Creating environment descriptor '/home/omerb/garp9_ws/install/garp_description/share/garp_description/hook/cmake_prefix_path.dsv'
[1.044s] INFO:colcon.colcon_core.shell:Creating environment hook '/home/omerb/garp9_ws/install/garp_description/share/garp_description/hook/cmake_prefix_path.sh'
[1.045s] Level 1:colcon.colcon_core.environment:checking '/home/omerb/garp9_ws/install/garp_description/bin'
[1.045s] Level 1:colcon.colcon_core.environment:checking '/home/omerb/garp9_ws/install/garp_description/lib/pkgconfig/garp_description.pc'
[1.045s] Level 1:colcon.colcon_core.environment:checking '/home/omerb/garp9_ws/install/garp_description/lib/python3.12/site-packages'
[1.046s] Level 1:colcon.colcon_core.environment:checking '/home/omerb/garp9_ws/install/garp_description/bin'
[1.046s] INFO:colcon.colcon_core.shell:Creating package script '/home/omerb/garp9_ws/install/garp_description/share/garp_description/package.ps1'
[1.046s] INFO:colcon.colcon_core.shell:Creating package descriptor '/home/omerb/garp9_ws/install/garp_description/share/garp_description/package.dsv'
[1.047s] INFO:colcon.colcon_core.shell:Creating package script '/home/omerb/garp9_ws/install/garp_description/share/garp_description/package.sh'
[1.047s] INFO:colcon.colcon_core.shell:Creating package script '/home/omerb/garp9_ws/install/garp_description/share/garp_description/package.bash'
[1.047s] INFO:colcon.colcon_core.shell:Creating package script '/home/omerb/garp9_ws/install/garp_description/share/garp_description/package.zsh'
[1.048s] Level 1:colcon.colcon_core.environment:create_file_with_runtime_dependencies(/home/omerb/garp9_ws/install/garp_description/share/colcon-core/packages/garp_description)
[1.116s] Level 1:colcon.colcon_core.environment:create_environment_scripts_only(garp_simulate)
[1.116s] Level 1:colcon.colcon_core.environment:checking '/home/omerb/garp9_ws/install/garp_simulate' for CMake module files
[1.117s] DEBUG:colcon.colcon_core.event_handler.log_command:Invoked command in '/home/omerb/garp9_ws/build/garp_simulate' returned '0': CMAKE_PREFIX_PATH=${CMAKE_PREFIX_PATH}:/opt/ros/jazzy DEBUGINFOD_URLS=https://debuginfod.ubuntu.com PS1=(venv-ardupilot) VIRTUAL_ENV_PROMPT=(venv-ardupilot) /usr/bin/cmake --install /home/omerb/garp9_ws/build/garp_simulate
[1.118s] Level 1:colcon.colcon_core.environment:checking '/home/omerb/garp9_ws/install/garp_simulate' for CMake config files
[1.119s] Level 1:colcon.colcon_core.shell:create_environment_hook('garp_simulate', 'cmake_prefix_path')
[1.119s] INFO:colcon.colcon_core.shell:Creating environment hook '/home/omerb/garp9_ws/install/garp_simulate/share/garp_simulate/hook/cmake_prefix_path.ps1'
[1.120s] INFO:colcon.colcon_core.shell:Creating environment descriptor '/home/omerb/garp9_ws/install/garp_simulate/share/garp_simulate/hook/cmake_prefix_path.dsv'
[1.120s] INFO:colcon.colcon_core.shell:Creating environment hook '/home/omerb/garp9_ws/install/garp_simulate/share/garp_simulate/hook/cmake_prefix_path.sh'
[1.121s] Level 1:colcon.colcon_core.environment:checking '/home/omerb/garp9_ws/install/garp_simulate/bin'
[1.121s] Level 1:colcon.colcon_core.environment:checking '/home/omerb/garp9_ws/install/garp_simulate/lib/pkgconfig/garp_simulate.pc'
[1.122s] Level 1:colcon.colcon_core.environment:checking '/home/omerb/garp9_ws/install/garp_simulate/lib/python3.12/site-packages'
[1.122s] Level 1:colcon.colcon_core.environment:checking '/home/omerb/garp9_ws/install/garp_simulate/bin'
[1.122s] INFO:colcon.colcon_core.shell:Creating package script '/home/omerb/garp9_ws/install/garp_simulate/share/garp_simulate/package.ps1'
[1.123s] INFO:colcon.colcon_core.shell:Creating package descriptor '/home/omerb/garp9_ws/install/garp_simulate/share/garp_simulate/package.dsv'
[1.123s] INFO:colcon.colcon_core.shell:Creating package script '/home/omerb/garp9_ws/install/garp_simulate/share/garp_simulate/package.sh'
[1.124s] INFO:colcon.colcon_core.shell:Creating package script '/home/omerb/garp9_ws/install/garp_simulate/share/garp_simulate/package.bash'
[1.124s] INFO:colcon.colcon_core.shell:Creating package script '/home/omerb/garp9_ws/install/garp_simulate/share/garp_simulate/package.zsh'
[1.124s] Level 1:colcon.colcon_core.environment:create_file_with_runtime_dependencies(/home/omerb/garp9_ws/install/garp_simulate/share/colcon-core/packages/garp_simulate)
[1.125s] Level 1:colcon.colcon_core.environment:create_environment_scripts_only(garp_simulate)
[1.125s] Level 1:colcon.colcon_core.environment:checking '/home/omerb/garp9_ws/install/garp_simulate' for CMake module files
[1.126s] Level 1:colcon.colcon_core.environment:checking '/home/omerb/garp9_ws/install/garp_simulate' for CMake config files
[1.126s] Level 1:colcon.colcon_core.shell:create_environment_hook('garp_simulate', 'cmake_prefix_path')
[1.126s] INFO:colcon.colcon_core.shell:Creating environment hook '/home/omerb/garp9_ws/install/garp_simulate/share/garp_simulate/hook/cmake_prefix_path.ps1'
[1.126s] INFO:colcon.colcon_core.shell:Creating environment descriptor '/home/omerb/garp9_ws/install/garp_simulate/share/garp_simulate/hook/cmake_prefix_path.dsv'
[1.127s] INFO:colcon.colcon_core.shell:Creating environment hook '/home/omerb/garp9_ws/install/garp_simulate/share/garp_simulate/hook/cmake_prefix_path.sh'
[1.128s] Level 1:colcon.colcon_core.environment:checking '/home/omerb/garp9_ws/install/garp_simulate/bin'
[1.128s] Level 1:colcon.colcon_core.environment:checking '/home/omerb/garp9_ws/install/garp_simulate/lib/pkgconfig/garp_simulate.pc'
[1.128s] Level 1:colcon.colcon_core.environment:checking '/home/omerb/garp9_ws/install/garp_simulate/lib/python3.12/site-packages'
[1.129s] Level 1:colcon.colcon_core.environment:checking '/home/omerb/garp9_ws/install/garp_simulate/bin'
[1.129s] INFO:colcon.colcon_core.shell:Creating package script '/home/omerb/garp9_ws/install/garp_simulate/share/garp_simulate/package.ps1'
[1.130s] INFO:colcon.colcon_core.shell:Creating package descriptor '/home/omerb/garp9_ws/install/garp_simulate/share/garp_simulate/package.dsv'
[1.130s] INFO:colcon.colcon_core.shell:Creating package script '/home/omerb/garp9_ws/install/garp_simulate/share/garp_simulate/package.sh'
[1.131s] INFO:colcon.colcon_core.shell:Creating package script '/home/omerb/garp9_ws/install/garp_simulate/share/garp_simulate/package.bash'
[1.131s] INFO:colcon.colcon_core.shell:Creating package script '/home/omerb/garp9_ws/install/garp_simulate/share/garp_simulate/package.zsh'
[1.131s] Level 1:colcon.colcon_core.environment:create_file_with_runtime_dependencies(/home/omerb/garp9_ws/install/garp_simulate/share/colcon-core/packages/garp_simulate)
[1.227s] DEBUG:colcon.colcon_core.task.python.build:While undoing a previous installation files outside the Python library path are being ignored: /home/omerb/garp9_ws/install/garp_tools/share/ament_index/resource_index/packages/garp_tools
[1.227s] DEBUG:colcon.colcon_core.task.python.build:While undoing a previous installation files outside the Python library path are being ignored: /home/omerb/garp9_ws/install/garp_tools/share/garp_tools/package.xml
[1.228s] DEBUG:colcon.colcon_core.task.python.build:While undoing a previous installation files outside the Python library path are being ignored: /home/omerb/garp9_ws/install/garp_tools/lib/garp_tools/odom_to_tf
[1.228s] DEBUG:colcon.colcon_core.task.python.build:While undoing a previous installation files outside the Python library path are being ignored: /home/omerb/garp9_ws/install/garp_tools/lib/garp_tools/teleop_keyboard
[1.229s] DEBUG:colcon.colcon_core.event_handler.log_command:Invoking command in '/home/omerb/garp9_ws/build/garp_tools': DEBUGINFOD_URLS=https://debuginfod.ubuntu.com PS1=(venv-ardupilot) PYTHONPATH=/home/omerb/garp9_ws/build/garp_tools/prefix_override:/usr/lib/python3/dist-packages/colcon_core/task/python/colcon_distutils_commands:/home/omerb/garp9_ws/install/garp_tools/lib/python3.12/site-packages:${PYTHONPATH} VIRTUAL_ENV_PROMPT=(venv-ardupilot) /usr/bin/python3 -W ignore:setup.py install is deprecated -W ignore:easy_install command is deprecated setup.py develop --editable --build-directory /home/omerb/garp9_ws/build/garp_tools/build --no-deps symlink_data --force
[1.903s] Level 1:colcon.colcon_core.shell:create_environment_hook('garp_tools', 'pythonpath_develop')
[1.904s] INFO:colcon.colcon_core.shell:Creating environment hook '/home/omerb/garp9_ws/build/garp_tools/share/garp_tools/hook/pythonpath_develop.ps1'
[1.906s] DEBUG:colcon.colcon_core.event_handler.log_command:Invoked command in '/home/omerb/garp9_ws/build/garp_tools' returned '0': DEBUGINFOD_URLS=https://debuginfod.ubuntu.com PS1=(venv-ardupilot) PYTHONPATH=/home/omerb/garp9_ws/build/garp_tools/prefix_override:/usr/lib/python3/dist-packages/colcon_core/task/python/colcon_distutils_commands:/home/omerb/garp9_ws/install/garp_tools/lib/python3.12/site-packages:${PYTHONPATH} VIRTUAL_ENV_PROMPT=(venv-ardupilot) /usr/bin/python3 -W ignore:setup.py install is deprecated -W ignore:easy_install command is deprecated setup.py develop --editable --build-directory /home/omerb/garp9_ws/build/garp_tools/build --no-deps symlink_data --force
[1.907s] INFO:colcon.colcon_core.shell:Creating environment descriptor '/home/omerb/garp9_ws/build/garp_tools/share/garp_tools/hook/pythonpath_develop.dsv'
[1.908s] INFO:colcon.colcon_core.shell:Creating environment hook '/home/omerb/garp9_ws/build/garp_tools/share/garp_tools/hook/pythonpath_develop.sh'
[1.909s] Level 1:colcon.colcon_core.environment:checking '/home/omerb/garp9_ws/install/garp_tools' for CMake module files
[1.910s] Level 1:colcon.colcon_core.environment:checking '/home/omerb/garp9_ws/install/garp_tools' for CMake config files
[1.911s] Level 1:colcon.colcon_core.environment:checking '/home/omerb/garp9_ws/install/garp_tools/lib'
[1.911s] Level 1:colcon.colcon_core.environment:checking '/home/omerb/garp9_ws/install/garp_tools/bin'
[1.912s] Level 1:colcon.colcon_core.environment:checking '/home/omerb/garp9_ws/install/garp_tools/lib/pkgconfig/garp_tools.pc'
[1.912s] Level 1:colcon.colcon_core.environment:checking '/home/omerb/garp9_ws/install/garp_tools/lib/python3.12/site-packages'
[1.912s] Level 1:colcon.colcon_core.shell:create_environment_hook('garp_tools', 'pythonpath')
[1.912s] INFO:colcon.colcon_core.shell:Creating environment hook '/home/omerb/garp9_ws/install/garp_tools/share/garp_tools/hook/pythonpath.ps1'
[1.912s] INFO:colcon.colcon_core.shell:Creating environment descriptor '/home/omerb/garp9_ws/install/garp_tools/share/garp_tools/hook/pythonpath.dsv'
[1.913s] INFO:colcon.colcon_core.shell:Creating environment hook '/home/omerb/garp9_ws/install/garp_tools/share/garp_tools/hook/pythonpath.sh'
[1.913s] Level 1:colcon.colcon_core.environment:checking '/home/omerb/garp9_ws/install/garp_tools/bin'
[1.913s] Level 1:colcon.colcon_core.environment:create_environment_scripts_only(garp_tools)
[1.914s] INFO:colcon.colcon_core.shell:Creating package script '/home/omerb/garp9_ws/install/garp_tools/share/garp_tools/package.ps1'
[1.914s] INFO:colcon.colcon_core.shell:Creating package descriptor '/home/omerb/garp9_ws/install/garp_tools/share/garp_tools/package.dsv'
[1.915s] INFO:colcon.colcon_core.shell:Creating package script '/home/omerb/garp9_ws/install/garp_tools/share/garp_tools/package.sh'
[1.915s] INFO:colcon.colcon_core.shell:Creating package script '/home/omerb/garp9_ws/install/garp_tools/share/garp_tools/package.bash'
[1.916s] INFO:colcon.colcon_core.shell:Creating package script '/home/omerb/garp9_ws/install/garp_tools/share/garp_tools/package.zsh'
[1.917s] Level 1:colcon.colcon_core.environment:create_file_with_runtime_dependencies(/home/omerb/garp9_ws/install/garp_tools/share/colcon-core/packages/garp_tools)
[1.917s] DEBUG:colcon.colcon_parallel_executor.executor.parallel:closing loop
[1.918s] DEBUG:colcon.colcon_parallel_executor.executor.parallel:loop closed
[1.918s] DEBUG:colcon.colcon_parallel_executor.executor.parallel:run_until_complete finished with '0'
[1.918s] DEBUG:colcon.colcon_core.event_reactor:joining thread
[1.927s] INFO:colcon.colcon_core.plugin_system:Skipping extension 'colcon_notification.desktop_notification.terminal_notifier': Not used on non-Darwin systems
[1.927s] INFO:colcon.colcon_core.plugin_system:Skipping extension 'colcon_notification.desktop_notification.win32': Not used on non-Windows systems
[1.928s] INFO:colcon.colcon_notification.desktop_notification:Sending desktop notification using 'notify2'
[1.951s] DEBUG:colcon.colcon_core.event_reactor:joined thread
[1.951s] INFO:colcon.colcon_core.shell:Creating prefix script '/home/omerb/garp9_ws/install/local_setup.ps1'
[1.952s] INFO:colcon.colcon_core.shell:Creating prefix util module '/home/omerb/garp9_ws/install/_local_setup_util_ps1.py'
[1.954s] INFO:colcon.colcon_core.shell:Creating prefix chain script '/home/omerb/garp9_ws/install/setup.ps1'
[1.955s] INFO:colcon.colcon_core.shell:Creating prefix script '/home/omerb/garp9_ws/install/local_setup.sh'
[1.957s] INFO:colcon.colcon_core.shell:Creating prefix util module '/home/omerb/garp9_ws/install/_local_setup_util_sh.py'
[1.959s] INFO:colcon.colcon_core.shell:Creating prefix chain script '/home/omerb/garp9_ws/install/setup.sh'
[1.961s] INFO:colcon.colcon_core.shell:Creating prefix script '/home/omerb/garp9_ws/install/local_setup.bash'
[1.962s] INFO:colcon.colcon_core.shell:Creating prefix chain script '/home/omerb/garp9_ws/install/setup.bash'
[1.964s] INFO:colcon.colcon_core.shell:Creating prefix script '/home/omerb/garp9_ws/install/local_setup.zsh'
[1.965s] INFO:colcon.colcon_core.shell:Creating prefix chain script '/home/omerb/garp9_ws/install/setup.zsh'
