[0.064s] DEBUG:colcon:Command line arguments: ['/usr/bin/colcon', 'build']
[0.064s] DEBUG:colcon:Parsed command line arguments: Namespace(log_base=None, log_level=None, verb_name='build', build_base='build', install_base='install', merge_install=False, symlink_install=False, test_result_base=None, continue_on_error=False, executor='parallel', parallel_workers=16, event_handlers=None, ignore_user_meta=False, metas=['./colcon.meta'], base_paths=['.'], packages_ignore=None, packages_ignore_regex=None, paths=None, packages_up_to=None, packages_up_to_regex=None, packages_above=None, packages_above_and_dependencies=None, packages_above_depth=None, packages_select_by_dep=None, packages_skip_by_dep=None, packages_skip_up_to=None, packages_select_build_failed=False, packages_skip_build_finished=False, packages_select_test_failures=False, packages_skip_test_passed=False, packages_select=None, packages_skip=None, packages_select_regex=None, packages_skip_regex=None, packages_start=None, packages_end=None, allow_overriding=[], cmake_args=None, cmake_target=None, cmake_target_skip_unavailable=False, cmake_clean_cache=False, cmake_clean_first=False, cmake_force_configure=False, ament_cmake_args=None, catkin_cmake_args=None, catkin_skip_building_tests=False, mixin_files=None, mixin=None, verb_parser=<colcon_mixin.mixin.mixin_argument.MixinArgumentDecorator object at 0x7591beea10d0>, verb_extension=<colcon_core.verb.build.BuildVerb object at 0x7591befcd4c0>, main=<bound method BuildVerb.main of <colcon_core.verb.build.BuildVerb object at 0x7591befcd4c0>>, mixin_verb=('build',))
[0.085s] Level 1:colcon.colcon_core.package_discovery:discover_packages(colcon_meta) check parameters
[0.085s] Level 1:colcon.colcon_core.package_discovery:discover_packages(recursive) check parameters
[0.085s] Level 1:colcon.colcon_core.package_discovery:discover_packages(ignore) check parameters
[0.085s] Level 1:colcon.colcon_core.package_discovery:discover_packages(path) check parameters
[0.085s] Level 1:colcon.colcon_core.package_discovery:discover_packages(colcon_meta) discover
[0.085s] Level 1:colcon.colcon_core.package_discovery:discover_packages(recursive) discover
[0.085s] INFO:colcon.colcon_core.package_discovery:Crawling recursively for packages in '/home/omerb/garp9_ws'
[0.085s] Level 1:colcon.colcon_core.package_identification:_identify(.) by extensions ['ignore', 'ignore_ament_install']
[0.085s] Level 1:colcon.colcon_core.package_identification:_identify(.) by extension 'ignore'
[0.085s] Level 1:colcon.colcon_core.package_identification:_identify(.) by extension 'ignore_ament_install'
[0.085s] Level 1:colcon.colcon_core.package_identification:_identify(.) by extensions ['colcon_pkg']
[0.085s] Level 1:colcon.colcon_core.package_identification:_identify(.) by extension 'colcon_pkg'
[0.085s] Level 1:colcon.colcon_core.package_identification:_identify(.) by extensions ['colcon_meta']
[0.085s] Level 1:colcon.colcon_core.package_identification:_identify(.) by extension 'colcon_meta'
[0.085s] Level 1:colcon.colcon_core.package_identification:_identify(.) by extensions ['ros']
[0.085s] Level 1:colcon.colcon_core.package_identification:_identify(.) by extension 'ros'
[0.100s] Level 1:colcon.colcon_core.package_identification:_identify(.) by extensions ['cmake', 'python']
[0.100s] Level 1:colcon.colcon_core.package_identification:_identify(.) by extension 'cmake'
[0.100s] Level 1:colcon.colcon_core.package_identification:_identify(.) by extension 'python'
[0.100s] Level 1:colcon.colcon_core.package_identification:_identify(.) by extensions ['python_setup_py']
[0.100s] Level 1:colcon.colcon_core.package_identification:_identify(.) by extension 'python_setup_py'
[0.100s] Level 1:colcon.colcon_core.package_identification:_identify(build) by extensions ['ignore', 'ignore_ament_install']
[0.100s] Level 1:colcon.colcon_core.package_identification:_identify(build) by extension 'ignore'
[0.100s] Level 1:colcon.colcon_core.package_identification:_identify(build) ignored
[0.100s] Level 1:colcon.colcon_core.package_identification:_identify(install) by extensions ['ignore', 'ignore_ament_install']
[0.100s] Level 1:colcon.colcon_core.package_identification:_identify(install) by extension 'ignore'
[0.100s] Level 1:colcon.colcon_core.package_identification:_identify(install) ignored
[0.100s] Level 1:colcon.colcon_core.package_identification:_identify(log) by extensions ['ignore', 'ignore_ament_install']
[0.100s] Level 1:colcon.colcon_core.package_identification:_identify(log) by extension 'ignore'
[0.100s] Level 1:colcon.colcon_core.package_identification:_identify(log) ignored
[0.100s] Level 1:colcon.colcon_core.package_identification:_identify(src) by extensions ['ignore', 'ignore_ament_install']
[0.100s] Level 1:colcon.colcon_core.package_identification:_identify(src) by extension 'ignore'
[0.100s] Level 1:colcon.colcon_core.package_identification:_identify(src) by extension 'ignore_ament_install'
[0.100s] Level 1:colcon.colcon_core.package_identification:_identify(src) by extensions ['colcon_pkg']
[0.100s] Level 1:colcon.colcon_core.package_identification:_identify(src) by extension 'colcon_pkg'
[0.100s] Level 1:colcon.colcon_core.package_identification:_identify(src) by extensions ['colcon_meta']
[0.100s] Level 1:colcon.colcon_core.package_identification:_identify(src) by extension 'colcon_meta'
[0.100s] Level 1:colcon.colcon_core.package_identification:_identify(src) by extensions ['ros']
[0.100s] Level 1:colcon.colcon_core.package_identification:_identify(src) by extension 'ros'
[0.100s] Level 1:colcon.colcon_core.package_identification:_identify(src) by extensions ['cmake', 'python']
[0.100s] Level 1:colcon.colcon_core.package_identification:_identify(src) by extension 'cmake'
[0.100s] Level 1:colcon.colcon_core.package_identification:_identify(src) by extension 'python'
[0.100s] Level 1:colcon.colcon_core.package_identification:_identify(src) by extensions ['python_setup_py']
[0.101s] Level 1:colcon.colcon_core.package_identification:_identify(src) by extension 'python_setup_py'
[0.101s] Level 1:colcon.colcon_core.package_identification:_identify(src/garp_description) by extensions ['ignore', 'ignore_ament_install']
[0.101s] Level 1:colcon.colcon_core.package_identification:_identify(src/garp_description) by extension 'ignore'
[0.101s] Level 1:colcon.colcon_core.package_identification:_identify(src/garp_description) by extension 'ignore_ament_install'
[0.101s] Level 1:colcon.colcon_core.package_identification:_identify(src/garp_description) by extensions ['colcon_pkg']
[0.101s] Level 1:colcon.colcon_core.package_identification:_identify(src/garp_description) by extension 'colcon_pkg'
[0.101s] Level 1:colcon.colcon_core.package_identification:_identify(src/garp_description) by extensions ['colcon_meta']
[0.101s] Level 1:colcon.colcon_core.package_identification:_identify(src/garp_description) by extension 'colcon_meta'
[0.101s] Level 1:colcon.colcon_core.package_identification:_identify(src/garp_description) by extensions ['ros']
[0.101s] Level 1:colcon.colcon_core.package_identification:_identify(src/garp_description) by extension 'ros'
[0.102s] DEBUG:colcon.colcon_core.package_identification:Package 'src/garp_description' with type 'ros.ament_cmake' and name 'garp_description'
[0.102s] Level 1:colcon.colcon_core.package_identification:_identify(src/garp_simulate) by extensions ['ignore', 'ignore_ament_install']
[0.102s] Level 1:colcon.colcon_core.package_identification:_identify(src/garp_simulate) by extension 'ignore'
[0.102s] Level 1:colcon.colcon_core.package_identification:_identify(src/garp_simulate) by extension 'ignore_ament_install'
[0.102s] Level 1:colcon.colcon_core.package_identification:_identify(src/garp_simulate) by extensions ['colcon_pkg']
[0.102s] Level 1:colcon.colcon_core.package_identification:_identify(src/garp_simulate) by extension 'colcon_pkg'
[0.102s] Level 1:colcon.colcon_core.package_identification:_identify(src/garp_simulate) by extensions ['colcon_meta']
[0.102s] Level 1:colcon.colcon_core.package_identification:_identify(src/garp_simulate) by extension 'colcon_meta'
[0.102s] Level 1:colcon.colcon_core.package_identification:_identify(src/garp_simulate) by extensions ['ros']
[0.102s] Level 1:colcon.colcon_core.package_identification:_identify(src/garp_simulate) by extension 'ros'
[0.102s] DEBUG:colcon.colcon_core.package_identification:Package 'src/garp_simulate' with type 'ros.ament_cmake' and name 'garp_simulate'
[0.103s] Level 1:colcon.colcon_core.package_identification:_identify(src/garp_tools) by extensions ['ignore', 'ignore_ament_install']
[0.103s] Level 1:colcon.colcon_core.package_identification:_identify(src/garp_tools) by extension 'ignore'
[0.103s] Level 1:colcon.colcon_core.package_identification:_identify(src/garp_tools) by extension 'ignore_ament_install'
[0.103s] Level 1:colcon.colcon_core.package_identification:_identify(src/garp_tools) by extensions ['colcon_pkg']
[0.103s] Level 1:colcon.colcon_core.package_identification:_identify(src/garp_tools) by extension 'colcon_pkg'
[0.103s] Level 1:colcon.colcon_core.package_identification:_identify(src/garp_tools) by extensions ['colcon_meta']
[0.103s] Level 1:colcon.colcon_core.package_identification:_identify(src/garp_tools) by extension 'colcon_meta'
[0.103s] Level 1:colcon.colcon_core.package_identification:_identify(src/garp_tools) by extensions ['ros']
[0.103s] Level 1:colcon.colcon_core.package_identification:_identify(src/garp_tools) by extension 'ros'
[0.103s] DEBUG:colcon.colcon_core.package_identification:Package 'src/garp_tools' with type 'ros.ament_python' and name 'garp_tools'
[0.103s] Level 1:colcon.colcon_core.package_discovery:discover_packages(recursive) using defaults
[0.103s] Level 1:colcon.colcon_core.package_discovery:discover_packages(ignore) discover
[0.103s] Level 1:colcon.colcon_core.package_discovery:discover_packages(ignore) using defaults
[0.103s] Level 1:colcon.colcon_core.package_discovery:discover_packages(path) discover
[0.103s] Level 1:colcon.colcon_core.package_discovery:discover_packages(path) using defaults
[0.113s] Level 1:colcon.colcon_core.package_discovery:discover_packages(prefix_path) check parameters
[0.113s] Level 1:colcon.colcon_core.package_discovery:discover_packages(prefix_path) discover
[0.114s] DEBUG:colcon.colcon_installed_package_information.package_discovery:Found 3 installed packages in /home/omerb/garp7_ws/install
[0.114s] DEBUG:colcon.colcon_installed_package_information.package_discovery:Found 1 installed packages in /home/omerb/ardupilot_gazebo/install
[0.115s] DEBUG:colcon.colcon_installed_package_information.package_discovery:Found 387 installed packages in /opt/ros/jazzy
[0.116s] Level 1:colcon.colcon_core.package_discovery:discover_packages(prefix_path) using defaults
[0.140s] Level 5:colcon.colcon_core.verb:set package 'garp_description' build argument 'cmake_args' from command line to 'None'
[0.140s] Level 5:colcon.colcon_core.verb:set package 'garp_description' build argument 'cmake_target' from command line to 'None'
[0.140s] Level 5:colcon.colcon_core.verb:set package 'garp_description' build argument 'cmake_target_skip_unavailable' from command line to 'False'
[0.140s] Level 5:colcon.colcon_core.verb:set package 'garp_description' build argument 'cmake_clean_cache' from command line to 'False'
[0.140s] Level 5:colcon.colcon_core.verb:set package 'garp_description' build argument 'cmake_clean_first' from command line to 'False'
[0.140s] Level 5:colcon.colcon_core.verb:set package 'garp_description' build argument 'cmake_force_configure' from command line to 'False'
[0.140s] Level 5:colcon.colcon_core.verb:set package 'garp_description' build argument 'ament_cmake_args' from command line to 'None'
[0.140s] Level 5:colcon.colcon_core.verb:set package 'garp_description' build argument 'catkin_cmake_args' from command line to 'None'
[0.140s] Level 5:colcon.colcon_core.verb:set package 'garp_description' build argument 'catkin_skip_building_tests' from command line to 'False'
[0.140s] DEBUG:colcon.colcon_core.verb:Building package 'garp_description' with the following arguments: {'ament_cmake_args': None, 'build_base': '/home/omerb/garp9_ws/build/garp_description', 'catkin_cmake_args': None, 'catkin_skip_building_tests': False, 'cmake_args': None, 'cmake_clean_cache': False, 'cmake_clean_first': False, 'cmake_force_configure': False, 'cmake_target': None, 'cmake_target_skip_unavailable': False, 'install_base': '/home/omerb/garp9_ws/install/garp_description', 'merge_install': False, 'path': '/home/omerb/garp9_ws/src/garp_description', 'symlink_install': False, 'test_result_base': None}
[0.140s] Level 5:colcon.colcon_core.verb:set package 'garp_simulate' build argument 'cmake_args' from command line to 'None'
[0.140s] Level 5:colcon.colcon_core.verb:set package 'garp_simulate' build argument 'cmake_target' from command line to 'None'
[0.140s] Level 5:colcon.colcon_core.verb:set package 'garp_simulate' build argument 'cmake_target_skip_unavailable' from command line to 'False'
[0.140s] Level 5:colcon.colcon_core.verb:set package 'garp_simulate' build argument 'cmake_clean_cache' from command line to 'False'
[0.140s] Level 5:colcon.colcon_core.verb:set package 'garp_simulate' build argument 'cmake_clean_first' from command line to 'False'
[0.140s] Level 5:colcon.colcon_core.verb:set package 'garp_simulate' build argument 'cmake_force_configure' from command line to 'False'
[0.140s] Level 5:colcon.colcon_core.verb:set package 'garp_simulate' build argument 'ament_cmake_args' from command line to 'None'
[0.140s] Level 5:colcon.colcon_core.verb:set package 'garp_simulate' build argument 'catkin_cmake_args' from command line to 'None'
[0.140s] Level 5:colcon.colcon_core.verb:set package 'garp_simulate' build argument 'catkin_skip_building_tests' from command line to 'False'
[0.140s] DEBUG:colcon.colcon_core.verb:Building package 'garp_simulate' with the following arguments: {'ament_cmake_args': None, 'build_base': '/home/omerb/garp9_ws/build/garp_simulate', 'catkin_cmake_args': None, 'catkin_skip_building_tests': False, 'cmake_args': None, 'cmake_clean_cache': False, 'cmake_clean_first': False, 'cmake_force_configure': False, 'cmake_target': None, 'cmake_target_skip_unavailable': False, 'install_base': '/home/omerb/garp9_ws/install/garp_simulate', 'merge_install': False, 'path': '/home/omerb/garp9_ws/src/garp_simulate', 'symlink_install': False, 'test_result_base': None}
[0.140s] Level 5:colcon.colcon_core.verb:set package 'garp_tools' build argument 'cmake_args' from command line to 'None'
[0.140s] Level 5:colcon.colcon_core.verb:set package 'garp_tools' build argument 'cmake_target' from command line to 'None'
[0.140s] Level 5:colcon.colcon_core.verb:set package 'garp_tools' build argument 'cmake_target_skip_unavailable' from command line to 'False'
[0.140s] Level 5:colcon.colcon_core.verb:set package 'garp_tools' build argument 'cmake_clean_cache' from command line to 'False'
[0.140s] Level 5:colcon.colcon_core.verb:set package 'garp_tools' build argument 'cmake_clean_first' from command line to 'False'
[0.140s] Level 5:colcon.colcon_core.verb:set package 'garp_tools' build argument 'cmake_force_configure' from command line to 'False'
[0.140s] Level 5:colcon.colcon_core.verb:set package 'garp_tools' build argument 'ament_cmake_args' from command line to 'None'
[0.140s] Level 5:colcon.colcon_core.verb:set package 'garp_tools' build argument 'catkin_cmake_args' from command line to 'None'
[0.140s] Level 5:colcon.colcon_core.verb:set package 'garp_tools' build argument 'catkin_skip_building_tests' from command line to 'False'
[0.140s] DEBUG:colcon.colcon_core.verb:Building package 'garp_tools' with the following arguments: {'ament_cmake_args': None, 'build_base': '/home/omerb/garp9_ws/build/garp_tools', 'catkin_cmake_args': None, 'catkin_skip_building_tests': False, 'cmake_args': None, 'cmake_clean_cache': False, 'cmake_clean_first': False, 'cmake_force_configure': False, 'cmake_target': None, 'cmake_target_skip_unavailable': False, 'install_base': '/home/omerb/garp9_ws/install/garp_tools', 'merge_install': False, 'path': '/home/omerb/garp9_ws/src/garp_tools', 'symlink_install': False, 'test_result_base': None}
[0.140s] INFO:colcon.colcon_core.executor:Executing jobs using 'parallel' executor
[0.141s] DEBUG:colcon.colcon_parallel_executor.executor.parallel:run_until_complete
[0.141s] INFO:colcon.colcon_ros.task.ament_cmake.build:Building ROS package in '/home/omerb/garp9_ws/src/garp_description' with build type 'ament_cmake'
[0.141s] INFO:colcon.colcon_cmake.task.cmake.build:Building CMake package in '/home/omerb/garp9_ws/src/garp_description'
[0.143s] INFO:colcon.colcon_core.plugin_system:Skipping extension 'colcon_core.shell.bat': Not used on non-Windows systems
[0.143s] INFO:colcon.colcon_core.shell:Skip shell extension 'powershell' for command environment: Not usable outside of PowerShell
[0.143s] DEBUG:colcon.colcon_core.shell:Skip shell extension 'dsv' for command environment
[0.147s] INFO:colcon.colcon_ros.task.ament_cmake.build:Building ROS package in '/home/omerb/garp9_ws/src/garp_simulate' with build type 'ament_cmake'
[0.148s] INFO:colcon.colcon_cmake.task.cmake.build:Building CMake package in '/home/omerb/garp9_ws/src/garp_simulate'
[0.148s] INFO:colcon.colcon_core.shell:Skip shell extension 'powershell' for command environment: Not usable outside of PowerShell
[0.148s] DEBUG:colcon.colcon_core.shell:Skip shell extension 'dsv' for command environment
[0.151s] INFO:colcon.colcon_ros.task.ament_python.build:Building ROS package in '/home/omerb/garp9_ws/src/garp_tools' with build type 'ament_python'
[0.151s] Level 1:colcon.colcon_core.shell:create_environment_hook('garp_tools', 'ament_prefix_path')
[0.151s] INFO:colcon.colcon_core.shell:Creating environment hook '/home/omerb/garp9_ws/install/garp_tools/share/garp_tools/hook/ament_prefix_path.ps1'
[0.152s] INFO:colcon.colcon_core.shell:Creating environment descriptor '/home/omerb/garp9_ws/install/garp_tools/share/garp_tools/hook/ament_prefix_path.dsv'
[0.152s] INFO:colcon.colcon_core.shell:Creating environment hook '/home/omerb/garp9_ws/install/garp_tools/share/garp_tools/hook/ament_prefix_path.sh'
[0.152s] INFO:colcon.colcon_core.shell:Skip shell extension 'powershell' for command environment: Not usable outside of PowerShell
[0.152s] DEBUG:colcon.colcon_core.shell:Skip shell extension 'dsv' for command environment
[0.157s] DEBUG:colcon.colcon_core.event_handler.log_command:Invoking command in '/home/omerb/garp9_ws/build/garp_description': CMAKE_PREFIX_PATH=${CMAKE_PREFIX_PATH}:/home/omerb/garp7_ws/install/garp_tools:/opt/ros/jazzy DEBUGINFOD_URLS=https://debuginfod.ubuntu.com PS1=\[\e]0;\u@\h: \w\a\]${debian_chroot:+($debian_chroot)}\[\033[01;32m\]\u@\h\[\033[00m\]:\[\033[01;34m\]\w\[\033[00m\]\$ VIRTUAL_ENV_PROMPT=(venv-ardupilot) /usr/bin/cmake /home/omerb/garp9_ws/src/garp_description -DCMAKE_INSTALL_PREFIX=/home/omerb/garp9_ws/install/garp_description
[0.161s] DEBUG:colcon.colcon_core.event_handler.log_command:Invoking command in '/home/omerb/garp9_ws/build/garp_simulate': CMAKE_PREFIX_PATH=${CMAKE_PREFIX_PATH}:/home/omerb/garp7_ws/install/garp_tools:/opt/ros/jazzy DEBUGINFOD_URLS=https://debuginfod.ubuntu.com PS1=\[\e]0;\u@\h: \w\a\]${debian_chroot:+($debian_chroot)}\[\033[01;32m\]\u@\h\[\033[00m\]:\[\033[01;34m\]\w\[\033[00m\]\$ VIRTUAL_ENV_PROMPT=(venv-ardupilot) /usr/bin/cmake /home/omerb/garp9_ws/src/garp_simulate -DCMAKE_INSTALL_PREFIX=/home/omerb/garp9_ws/install/garp_simulate
[0.380s] INFO:colcon.colcon_core.task.python.build:Building Python package in '/home/omerb/garp9_ws/src/garp_tools'
[0.381s] INFO:colcon.colcon_core.shell:Skip shell extension 'powershell' for command environment: Not usable outside of PowerShell
[0.381s] DEBUG:colcon.colcon_core.shell:Skip shell extension 'dsv' for command environment
[0.918s] DEBUG:colcon.colcon_core.event_handler.log_command:Invoking command in '/home/omerb/garp9_ws/src/garp_tools': DEBUGINFOD_URLS=https://debuginfod.ubuntu.com PS1=\[\e]0;\u@\h: \w\a\]${debian_chroot:+($debian_chroot)}\[\033[01;32m\]\u@\h\[\033[00m\]:\[\033[01;34m\]\w\[\033[00m\]\$ PYTHONPATH=/home/omerb/garp9_ws/build/garp_tools/prefix_override:/usr/lib/python3/dist-packages/colcon_core/task/python/colcon_distutils_commands:/home/omerb/garp9_ws/install/garp_tools/lib/python3.12/site-packages:${PYTHONPATH} VIRTUAL_ENV_PROMPT=(venv-ardupilot) /usr/bin/python3 -W ignore:setup.py install is deprecated -W ignore:easy_install command is deprecated setup.py egg_info --egg-base ../../build/garp_tools build --build-base /home/omerb/garp9_ws/build/garp_tools/build install --record /home/omerb/garp9_ws/build/garp_tools/install.log --single-version-externally-managed install_data
[0.991s] DEBUG:colcon.colcon_core.event_handler.log_command:Invoked command in '/home/omerb/garp9_ws/build/garp_simulate' returned '0': CMAKE_PREFIX_PATH=${CMAKE_PREFIX_PATH}:/home/omerb/garp7_ws/install/garp_tools:/opt/ros/jazzy DEBUGINFOD_URLS=https://debuginfod.ubuntu.com PS1=\[\e]0;\u@\h: \w\a\]${debian_chroot:+($debian_chroot)}\[\033[01;32m\]\u@\h\[\033[00m\]:\[\033[01;34m\]\w\[\033[00m\]\$ VIRTUAL_ENV_PROMPT=(venv-ardupilot) /usr/bin/cmake /home/omerb/garp9_ws/src/garp_simulate -DCMAKE_INSTALL_PREFIX=/home/omerb/garp9_ws/install/garp_simulate
[0.993s] DEBUG:colcon.colcon_core.event_handler.log_command:Invoking command in '/home/omerb/garp9_ws/build/garp_simulate': CMAKE_PREFIX_PATH=${CMAKE_PREFIX_PATH}:/home/omerb/garp7_ws/install/garp_tools:/opt/ros/jazzy DEBUGINFOD_URLS=https://debuginfod.ubuntu.com PS1=\[\e]0;\u@\h: \w\a\]${debian_chroot:+($debian_chroot)}\[\033[01;32m\]\u@\h\[\033[00m\]:\[\033[01;34m\]\w\[\033[00m\]\$ VIRTUAL_ENV_PROMPT=(venv-ardupilot) /usr/bin/cmake --build /home/omerb/garp9_ws/build/garp_simulate -- -j16 -l16
[0.994s] DEBUG:colcon.colcon_core.event_handler.log_command:Invoked command in '/home/omerb/garp9_ws/build/garp_description' returned '0': CMAKE_PREFIX_PATH=${CMAKE_PREFIX_PATH}:/home/omerb/garp7_ws/install/garp_tools:/opt/ros/jazzy DEBUGINFOD_URLS=https://debuginfod.ubuntu.com PS1=\[\e]0;\u@\h: \w\a\]${debian_chroot:+($debian_chroot)}\[\033[01;32m\]\u@\h\[\033[00m\]:\[\033[01;34m\]\w\[\033[00m\]\$ VIRTUAL_ENV_PROMPT=(venv-ardupilot) /usr/bin/cmake /home/omerb/garp9_ws/src/garp_description -DCMAKE_INSTALL_PREFIX=/home/omerb/garp9_ws/install/garp_description
[0.996s] DEBUG:colcon.colcon_core.event_handler.log_command:Invoking command in '/home/omerb/garp9_ws/build/garp_description': CMAKE_PREFIX_PATH=${CMAKE_PREFIX_PATH}:/home/omerb/garp7_ws/install/garp_tools:/opt/ros/jazzy DEBUGINFOD_URLS=https://debuginfod.ubuntu.com PS1=\[\e]0;\u@\h: \w\a\]${debian_chroot:+($debian_chroot)}\[\033[01;32m\]\u@\h\[\033[00m\]:\[\033[01;34m\]\w\[\033[00m\]\$ VIRTUAL_ENV_PROMPT=(venv-ardupilot) /usr/bin/cmake --build /home/omerb/garp9_ws/build/garp_description -- -j16 -l16
[1.042s] DEBUG:colcon.colcon_core.event_handler.log_command:Invoked command in '/home/omerb/garp9_ws/build/garp_description' returned '0': CMAKE_PREFIX_PATH=${CMAKE_PREFIX_PATH}:/home/omerb/garp7_ws/install/garp_tools:/opt/ros/jazzy DEBUGINFOD_URLS=https://debuginfod.ubuntu.com PS1=\[\e]0;\u@\h: \w\a\]${debian_chroot:+($debian_chroot)}\[\033[01;32m\]\u@\h\[\033[00m\]:\[\033[01;34m\]\w\[\033[00m\]\$ VIRTUAL_ENV_PROMPT=(venv-ardupilot) /usr/bin/cmake --build /home/omerb/garp9_ws/build/garp_description -- -j16 -l16
[1.057s] DEBUG:colcon.colcon_core.event_handler.log_command:Invoking command in '/home/omerb/garp9_ws/build/garp_description': CMAKE_PREFIX_PATH=${CMAKE_PREFIX_PATH}:/home/omerb/garp7_ws/install/garp_tools:/opt/ros/jazzy DEBUGINFOD_URLS=https://debuginfod.ubuntu.com PS1=\[\e]0;\u@\h: \w\a\]${debian_chroot:+($debian_chroot)}\[\033[01;32m\]\u@\h\[\033[00m\]:\[\033[01;34m\]\w\[\033[00m\]\$ VIRTUAL_ENV_PROMPT=(venv-ardupilot) /usr/bin/cmake --install /home/omerb/garp9_ws/build/garp_description
[1.058s] DEBUG:colcon.colcon_core.event_handler.log_command:Invoked command in '/home/omerb/garp9_ws/build/garp_simulate' returned '0': CMAKE_PREFIX_PATH=${CMAKE_PREFIX_PATH}:/home/omerb/garp7_ws/install/garp_tools:/opt/ros/jazzy DEBUGINFOD_URLS=https://debuginfod.ubuntu.com PS1=\[\e]0;\u@\h: \w\a\]${debian_chroot:+($debian_chroot)}\[\033[01;32m\]\u@\h\[\033[00m\]:\[\033[01;34m\]\w\[\033[00m\]\$ VIRTUAL_ENV_PROMPT=(venv-ardupilot) /usr/bin/cmake --build /home/omerb/garp9_ws/build/garp_simulate -- -j16 -l16
[1.060s] DEBUG:colcon.colcon_core.event_handler.log_command:Invoking command in '/home/omerb/garp9_ws/build/garp_simulate': CMAKE_PREFIX_PATH=${CMAKE_PREFIX_PATH}:/home/omerb/garp7_ws/install/garp_tools:/opt/ros/jazzy DEBUGINFOD_URLS=https://debuginfod.ubuntu.com PS1=\[\e]0;\u@\h: \w\a\]${debian_chroot:+($debian_chroot)}\[\033[01;32m\]\u@\h\[\033[00m\]:\[\033[01;34m\]\w\[\033[00m\]\$ VIRTUAL_ENV_PROMPT=(venv-ardupilot) /usr/bin/cmake --install /home/omerb/garp9_ws/build/garp_simulate
[1.075s] Level 1:colcon.colcon_core.environment:create_environment_scripts_only(garp_simulate)
[1.075s] DEBUG:colcon.colcon_core.event_handler.log_command:Invoked command in '/home/omerb/garp9_ws/build/garp_simulate' returned '0': CMAKE_PREFIX_PATH=${CMAKE_PREFIX_PATH}:/home/omerb/garp7_ws/install/garp_tools:/opt/ros/jazzy DEBUGINFOD_URLS=https://debuginfod.ubuntu.com PS1=\[\e]0;\u@\h: \w\a\]${debian_chroot:+($debian_chroot)}\[\033[01;32m\]\u@\h\[\033[00m\]:\[\033[01;34m\]\w\[\033[00m\]\$ VIRTUAL_ENV_PROMPT=(venv-ardupilot) /usr/bin/cmake --install /home/omerb/garp9_ws/build/garp_simulate
[1.077s] Level 1:colcon.colcon_core.environment:checking '/home/omerb/garp9_ws/install/garp_simulate' for CMake module files
[1.077s] Level 1:colcon.colcon_core.environment:checking '/home/omerb/garp9_ws/install/garp_simulate' for CMake config files
[1.078s] Level 1:colcon.colcon_core.shell:create_environment_hook('garp_simulate', 'cmake_prefix_path')
[1.078s] INFO:colcon.colcon_core.shell:Creating environment hook '/home/omerb/garp9_ws/install/garp_simulate/share/garp_simulate/hook/cmake_prefix_path.ps1'
[1.078s] INFO:colcon.colcon_core.shell:Creating environment descriptor '/home/omerb/garp9_ws/install/garp_simulate/share/garp_simulate/hook/cmake_prefix_path.dsv'
[1.078s] INFO:colcon.colcon_core.shell:Creating environment hook '/home/omerb/garp9_ws/install/garp_simulate/share/garp_simulate/hook/cmake_prefix_path.sh'
[1.079s] Level 1:colcon.colcon_core.environment:checking '/home/omerb/garp9_ws/install/garp_simulate/bin'
[1.079s] Level 1:colcon.colcon_core.environment:checking '/home/omerb/garp9_ws/install/garp_simulate/lib/pkgconfig/garp_simulate.pc'
[1.079s] Level 1:colcon.colcon_core.environment:checking '/home/omerb/garp9_ws/install/garp_simulate/lib/python3.12/site-packages'
[1.080s] Level 1:colcon.colcon_core.environment:checking '/home/omerb/garp9_ws/install/garp_simulate/bin'
[1.080s] INFO:colcon.colcon_core.shell:Creating package script '/home/omerb/garp9_ws/install/garp_simulate/share/garp_simulate/package.ps1'
[1.080s] INFO:colcon.colcon_core.shell:Creating package descriptor '/home/omerb/garp9_ws/install/garp_simulate/share/garp_simulate/package.dsv'
[1.081s] INFO:colcon.colcon_core.shell:Creating package script '/home/omerb/garp9_ws/install/garp_simulate/share/garp_simulate/package.sh'
[1.081s] INFO:colcon.colcon_core.shell:Creating package script '/home/omerb/garp9_ws/install/garp_simulate/share/garp_simulate/package.bash'
[1.082s] INFO:colcon.colcon_core.shell:Creating package script '/home/omerb/garp9_ws/install/garp_simulate/share/garp_simulate/package.zsh'
[1.082s] Level 1:colcon.colcon_core.environment:create_file_with_runtime_dependencies(/home/omerb/garp9_ws/install/garp_simulate/share/colcon-core/packages/garp_simulate)
[1.083s] Level 1:colcon.colcon_core.environment:create_environment_scripts_only(garp_simulate)
[1.083s] Level 1:colcon.colcon_core.environment:checking '/home/omerb/garp9_ws/install/garp_simulate' for CMake module files
[1.083s] Level 1:colcon.colcon_core.environment:checking '/home/omerb/garp9_ws/install/garp_simulate' for CMake config files
[1.083s] Level 1:colcon.colcon_core.shell:create_environment_hook('garp_simulate', 'cmake_prefix_path')
[1.084s] INFO:colcon.colcon_core.shell:Creating environment hook '/home/omerb/garp9_ws/install/garp_simulate/share/garp_simulate/hook/cmake_prefix_path.ps1'
[1.084s] INFO:colcon.colcon_core.shell:Creating environment descriptor '/home/omerb/garp9_ws/install/garp_simulate/share/garp_simulate/hook/cmake_prefix_path.dsv'
[1.084s] INFO:colcon.colcon_core.shell:Creating environment hook '/home/omerb/garp9_ws/install/garp_simulate/share/garp_simulate/hook/cmake_prefix_path.sh'
[1.085s] Level 1:colcon.colcon_core.environment:checking '/home/omerb/garp9_ws/install/garp_simulate/bin'
[1.085s] Level 1:colcon.colcon_core.environment:checking '/home/omerb/garp9_ws/install/garp_simulate/lib/pkgconfig/garp_simulate.pc'
[1.085s] Level 1:colcon.colcon_core.environment:checking '/home/omerb/garp9_ws/install/garp_simulate/lib/python3.12/site-packages'
[1.085s] Level 1:colcon.colcon_core.environment:checking '/home/omerb/garp9_ws/install/garp_simulate/bin'
[1.085s] INFO:colcon.colcon_core.shell:Creating package script '/home/omerb/garp9_ws/install/garp_simulate/share/garp_simulate/package.ps1'
[1.086s] INFO:colcon.colcon_core.shell:Creating package descriptor '/home/omerb/garp9_ws/install/garp_simulate/share/garp_simulate/package.dsv'
[1.086s] INFO:colcon.colcon_core.shell:Creating package script '/home/omerb/garp9_ws/install/garp_simulate/share/garp_simulate/package.sh'
[1.087s] INFO:colcon.colcon_core.shell:Creating package script '/home/omerb/garp9_ws/install/garp_simulate/share/garp_simulate/package.bash'
[1.087s] INFO:colcon.colcon_core.shell:Creating package script '/home/omerb/garp9_ws/install/garp_simulate/share/garp_simulate/package.zsh'
[1.087s] Level 1:colcon.colcon_core.environment:create_file_with_runtime_dependencies(/home/omerb/garp9_ws/install/garp_simulate/share/colcon-core/packages/garp_simulate)
[1.088s] Level 1:colcon.colcon_core.environment:create_environment_scripts_only(garp_description)
[1.088s] Level 1:colcon.colcon_core.environment:checking '/home/omerb/garp9_ws/install/garp_description' for CMake module files
[1.089s] Level 1:colcon.colcon_core.environment:checking '/home/omerb/garp9_ws/install/garp_description' for CMake config files
[1.089s] DEBUG:colcon.colcon_core.event_handler.log_command:Invoked command in '/home/omerb/garp9_ws/build/garp_description' returned '0': CMAKE_PREFIX_PATH=${CMAKE_PREFIX_PATH}:/home/omerb/garp7_ws/install/garp_tools:/opt/ros/jazzy DEBUGINFOD_URLS=https://debuginfod.ubuntu.com PS1=\[\e]0;\u@\h: \w\a\]${debian_chroot:+($debian_chroot)}\[\033[01;32m\]\u@\h\[\033[00m\]:\[\033[01;34m\]\w\[\033[00m\]\$ VIRTUAL_ENV_PROMPT=(venv-ardupilot) /usr/bin/cmake --install /home/omerb/garp9_ws/build/garp_description
[1.089s] Level 1:colcon.colcon_core.shell:create_environment_hook('garp_description', 'cmake_prefix_path')
[1.089s] INFO:colcon.colcon_core.shell:Creating environment hook '/home/omerb/garp9_ws/install/garp_description/share/garp_description/hook/cmake_prefix_path.ps1'
[1.090s] INFO:colcon.colcon_core.shell:Creating environment descriptor '/home/omerb/garp9_ws/install/garp_description/share/garp_description/hook/cmake_prefix_path.dsv'
[1.090s] INFO:colcon.colcon_core.shell:Creating environment hook '/home/omerb/garp9_ws/install/garp_description/share/garp_description/hook/cmake_prefix_path.sh'
[1.091s] Level 1:colcon.colcon_core.environment:checking '/home/omerb/garp9_ws/install/garp_description/bin'
[1.091s] Level 1:colcon.colcon_core.environment:checking '/home/omerb/garp9_ws/install/garp_description/lib/pkgconfig/garp_description.pc'
[1.091s] Level 1:colcon.colcon_core.environment:checking '/home/omerb/garp9_ws/install/garp_description/lib/python3.12/site-packages'
[1.092s] Level 1:colcon.colcon_core.environment:checking '/home/omerb/garp9_ws/install/garp_description/bin'
[1.092s] INFO:colcon.colcon_core.shell:Creating package script '/home/omerb/garp9_ws/install/garp_description/share/garp_description/package.ps1'
[1.093s] INFO:colcon.colcon_core.shell:Creating package descriptor '/home/omerb/garp9_ws/install/garp_description/share/garp_description/package.dsv'
[1.093s] INFO:colcon.colcon_core.shell:Creating package script '/home/omerb/garp9_ws/install/garp_description/share/garp_description/package.sh'
[1.093s] INFO:colcon.colcon_core.shell:Creating package script '/home/omerb/garp9_ws/install/garp_description/share/garp_description/package.bash'
[1.094s] INFO:colcon.colcon_core.shell:Creating package script '/home/omerb/garp9_ws/install/garp_description/share/garp_description/package.zsh'
[1.094s] Level 1:colcon.colcon_core.environment:create_file_with_runtime_dependencies(/home/omerb/garp9_ws/install/garp_description/share/colcon-core/packages/garp_description)
[1.095s] Level 1:colcon.colcon_core.environment:create_environment_scripts_only(garp_description)
[1.095s] Level 1:colcon.colcon_core.environment:checking '/home/omerb/garp9_ws/install/garp_description' for CMake module files
[1.095s] Level 1:colcon.colcon_core.environment:checking '/home/omerb/garp9_ws/install/garp_description' for CMake config files
[1.095s] Level 1:colcon.colcon_core.shell:create_environment_hook('garp_description', 'cmake_prefix_path')
[1.095s] INFO:colcon.colcon_core.shell:Creating environment hook '/home/omerb/garp9_ws/install/garp_description/share/garp_description/hook/cmake_prefix_path.ps1'
[1.096s] INFO:colcon.colcon_core.shell:Creating environment descriptor '/home/omerb/garp9_ws/install/garp_description/share/garp_description/hook/cmake_prefix_path.dsv'
[1.096s] INFO:colcon.colcon_core.shell:Creating environment hook '/home/omerb/garp9_ws/install/garp_description/share/garp_description/hook/cmake_prefix_path.sh'
[1.097s] Level 1:colcon.colcon_core.environment:checking '/home/omerb/garp9_ws/install/garp_description/bin'
[1.097s] Level 1:colcon.colcon_core.environment:checking '/home/omerb/garp9_ws/install/garp_description/lib/pkgconfig/garp_description.pc'
[1.097s] Level 1:colcon.colcon_core.environment:checking '/home/omerb/garp9_ws/install/garp_description/lib/python3.12/site-packages'
[1.097s] Level 1:colcon.colcon_core.environment:checking '/home/omerb/garp9_ws/install/garp_description/bin'
[1.097s] INFO:colcon.colcon_core.shell:Creating package script '/home/omerb/garp9_ws/install/garp_description/share/garp_description/package.ps1'
[1.098s] INFO:colcon.colcon_core.shell:Creating package descriptor '/home/omerb/garp9_ws/install/garp_description/share/garp_description/package.dsv'
[1.098s] INFO:colcon.colcon_core.shell:Creating package script '/home/omerb/garp9_ws/install/garp_description/share/garp_description/package.sh'
[1.099s] INFO:colcon.colcon_core.shell:Creating package script '/home/omerb/garp9_ws/install/garp_description/share/garp_description/package.bash'
[1.099s] INFO:colcon.colcon_core.shell:Creating package script '/home/omerb/garp9_ws/install/garp_description/share/garp_description/package.zsh'
[1.099s] Level 1:colcon.colcon_core.environment:create_file_with_runtime_dependencies(/home/omerb/garp9_ws/install/garp_description/share/colcon-core/packages/garp_description)
[1.369s] Level 1:colcon.colcon_core.environment:checking '/home/omerb/garp9_ws/install/garp_tools' for CMake module files
[1.369s] DEBUG:colcon.colcon_core.event_handler.log_command:Invoked command in '/home/omerb/garp9_ws/src/garp_tools' returned '0': DEBUGINFOD_URLS=https://debuginfod.ubuntu.com PS1=\[\e]0;\u@\h: \w\a\]${debian_chroot:+($debian_chroot)}\[\033[01;32m\]\u@\h\[\033[00m\]:\[\033[01;34m\]\w\[\033[00m\]\$ PYTHONPATH=/home/omerb/garp9_ws/build/garp_tools/prefix_override:/usr/lib/python3/dist-packages/colcon_core/task/python/colcon_distutils_commands:/home/omerb/garp9_ws/install/garp_tools/lib/python3.12/site-packages:${PYTHONPATH} VIRTUAL_ENV_PROMPT=(venv-ardupilot) /usr/bin/python3 -W ignore:setup.py install is deprecated -W ignore:easy_install command is deprecated setup.py egg_info --egg-base ../../build/garp_tools build --build-base /home/omerb/garp9_ws/build/garp_tools/build install --record /home/omerb/garp9_ws/build/garp_tools/install.log --single-version-externally-managed install_data
[1.369s] Level 1:colcon.colcon_core.environment:checking '/home/omerb/garp9_ws/install/garp_tools' for CMake config files
[1.370s] Level 1:colcon.colcon_core.environment:checking '/home/omerb/garp9_ws/install/garp_tools/lib'
[1.370s] Level 1:colcon.colcon_core.environment:checking '/home/omerb/garp9_ws/install/garp_tools/bin'
[1.370s] Level 1:colcon.colcon_core.environment:checking '/home/omerb/garp9_ws/install/garp_tools/lib/pkgconfig/garp_tools.pc'
[1.370s] Level 1:colcon.colcon_core.environment:checking '/home/omerb/garp9_ws/install/garp_tools/lib/python3.12/site-packages'
[1.370s] Level 1:colcon.colcon_core.shell:create_environment_hook('garp_tools', 'pythonpath')
[1.370s] INFO:colcon.colcon_core.shell:Creating environment hook '/home/omerb/garp9_ws/install/garp_tools/share/garp_tools/hook/pythonpath.ps1'
[1.371s] INFO:colcon.colcon_core.shell:Creating environment descriptor '/home/omerb/garp9_ws/install/garp_tools/share/garp_tools/hook/pythonpath.dsv'
[1.371s] INFO:colcon.colcon_core.shell:Creating environment hook '/home/omerb/garp9_ws/install/garp_tools/share/garp_tools/hook/pythonpath.sh'
[1.371s] Level 1:colcon.colcon_core.environment:checking '/home/omerb/garp9_ws/install/garp_tools/bin'
[1.371s] Level 1:colcon.colcon_core.environment:create_environment_scripts_only(garp_tools)
[1.371s] INFO:colcon.colcon_core.shell:Creating package script '/home/omerb/garp9_ws/install/garp_tools/share/garp_tools/package.ps1'
[1.372s] INFO:colcon.colcon_core.shell:Creating package descriptor '/home/omerb/garp9_ws/install/garp_tools/share/garp_tools/package.dsv'
[1.372s] INFO:colcon.colcon_core.shell:Creating package script '/home/omerb/garp9_ws/install/garp_tools/share/garp_tools/package.sh'
[1.372s] INFO:colcon.colcon_core.shell:Creating package script '/home/omerb/garp9_ws/install/garp_tools/share/garp_tools/package.bash'
[1.372s] INFO:colcon.colcon_core.shell:Creating package script '/home/omerb/garp9_ws/install/garp_tools/share/garp_tools/package.zsh'
[1.372s] Level 1:colcon.colcon_core.environment:create_file_with_runtime_dependencies(/home/omerb/garp9_ws/install/garp_tools/share/colcon-core/packages/garp_tools)
[1.373s] DEBUG:colcon.colcon_parallel_executor.executor.parallel:closing loop
[1.373s] DEBUG:colcon.colcon_parallel_executor.executor.parallel:loop closed
[1.373s] DEBUG:colcon.colcon_parallel_executor.executor.parallel:run_until_complete finished with '0'
[1.373s] DEBUG:colcon.colcon_core.event_reactor:joining thread
[1.379s] INFO:colcon.colcon_core.plugin_system:Skipping extension 'colcon_notification.desktop_notification.terminal_notifier': Not used on non-Darwin systems
[1.380s] INFO:colcon.colcon_core.plugin_system:Skipping extension 'colcon_notification.desktop_notification.win32': Not used on non-Windows systems
[1.380s] INFO:colcon.colcon_notification.desktop_notification:Sending desktop notification using 'notify2'
[1.390s] DEBUG:colcon.colcon_core.event_reactor:joined thread
[1.391s] INFO:colcon.colcon_core.shell:Creating prefix script '/home/omerb/garp9_ws/install/local_setup.ps1'
[1.391s] INFO:colcon.colcon_core.shell:Creating prefix util module '/home/omerb/garp9_ws/install/_local_setup_util_ps1.py'
[1.392s] INFO:colcon.colcon_core.shell:Creating prefix chain script '/home/omerb/garp9_ws/install/setup.ps1'
[1.393s] INFO:colcon.colcon_core.shell:Creating prefix script '/home/omerb/garp9_ws/install/local_setup.sh'
[1.394s] INFO:colcon.colcon_core.shell:Creating prefix util module '/home/omerb/garp9_ws/install/_local_setup_util_sh.py'
[1.394s] INFO:colcon.colcon_core.shell:Creating prefix chain script '/home/omerb/garp9_ws/install/setup.sh'
[1.395s] INFO:colcon.colcon_core.shell:Creating prefix script '/home/omerb/garp9_ws/install/local_setup.bash'
[1.395s] INFO:colcon.colcon_core.shell:Creating prefix chain script '/home/omerb/garp9_ws/install/setup.bash'
[1.396s] INFO:colcon.colcon_core.shell:Creating prefix script '/home/omerb/garp9_ws/install/local_setup.zsh'
[1.396s] INFO:colcon.colcon_core.shell:Creating prefix chain script '/home/omerb/garp9_ws/install/setup.zsh'
